#
# A fatal error has been detected by the Java Runtime Environment:
#
#  SIGSEGV (0xb) at pc=0x00007eff9ce1fbda, pid=4059, tid=4106
#
# JRE version: OpenJDK Runtime Environment (11.0.11+9) (build 11.0.11+9-Ubuntu-0ubuntu2.18.04)
# Java VM: OpenJDK 64-Bit Server VM (11.0.11+9-Ubuntu-0ubuntu2.18.04, mixed mode, sharing, tiered, compressed oops, concurrent mark sweep gc, linux-amd64)
# Problematic frame:
# J 16215 c2 sun.security.provider.NativePRNG$RandomIO.implNextBytes([B)V java.base@11.0.11 (162 bytes) @ 0x00007eff9ce1fbda [0x00007eff9ce1ed60+0x0000000000000e7a]
#
# Core dump will be written. Default location: Core dumps may be processed with "/usr/share/apport/apport %p %s %c %d %P %E" (or dumping to /home/runner/Game-ICS4U-FW21-1/core.4059)
#
# If you would like to submit a bug report, please visit:
#   https://bugs.launchpad.net/ubuntu/+source/openjdk-lts
#

---------------  S U M M A R Y ------------

Command Line: -Declipse.application=org.eclipse.jdt.ls.core.id1 -Dosgi.bundles.defaultStartLevel=4 -Declipse.product=org.eclipse.jdt.ls.core.product -Dcom.microsoft.java.debug.serverAddress=localhost:41010 -Xverify:none -Xmx256m -XX:+UseConcMarkSweepGC /config/language-server/plugins/org.eclipse.equinox.launcher_1.6.100.v20201223-0822.jar -configuration /config/language-server/config_linux -data /home/runner

Host: Intel(R) Xeon(R) CPU @ 2.80GHz, 8 cores, 2G, Ubuntu 18.04.5 LTS
Time: Fri Oct 22 02:43:34 2021 UTC elapsed time: 698.323039 seconds (0d 0h 11m 38s)

---------------  T H R E A D  ---------------

Current thread (0x00007eff100fa000):  JavaThread "ForkJoinPool.commonPool-worker-7" daemon [_thread_in_Java, id=4106, stack(0x00007eff170e1000,0x00007eff171e2000)]

Stack: [0x00007eff170e1000,0x00007eff171e2000],  sp=0x00007eff171df6c0,  free space=1017k
Native frames: (J=compiled Java code, A=aot compiled Java code, j=interpreted, Vv=VM code, C=native code)
J 16215 c2 sun.security.provider.NativePRNG$RandomIO.implNextBytes([B)V java.base@11.0.11 (162 bytes) @ 0x00007eff9ce1fbda [0x00007eff9ce1ed60+0x0000000000000e7a]
J 12946 c2 sun.security.provider.NativePRNG.engineNextBytes([B)V java.base@11.0.11 (8 bytes) @ 0x00007eff9c39fc8c [0x00007eff9c39fc40+0x000000000000004c]
J 17382 c2 org.eclipse.jdt.internal.core.manipulation.ProjectTemplateStore.load()V (156 bytes) @ 0x00007eff9c4ebe04 [0x00007eff9c4eb7a0+0x0000000000000664]
J 19590 c2 org.eclipse.jdt.internal.core.manipulation.StubUtility.getCodeTemplate(Ljava/lang/String;Lorg/eclipse/jdt/core/IJavaProject;)Lorg/eclipse/jface/text/templates/Template; (44 bytes) @ 0x00007eff9c798cd0 [0x00007eff9c798c20+0x00000000000000b0]
J 17509 c1 org.eclipse.jdt.internal.core.manipulation.StubUtility.getSetterMethodBodyContent(Lorg/eclipse/jdt/core/IJavaProject;Ljava/lang/String;Ljava/lang/String;Ljava/lang/String;Ljava/lang/String;Ljava/lang/String;)Ljava/lang/String; (85 bytes) @ 0x00007eff957ae514 [0x00007eff957ae480+0x0000000000000094]
J 17497 c1 org.eclipse.jdt.internal.corext.codemanipulation.GetterSetterUtil.getSetterStub(Lorg/eclipse/jdt/core/IField;Ljava/lang/String;ZI)Ljava/lang/String; (408 bytes) @ 0x00007eff96a5cd9c [0x00007eff96a595e0+0x00000000000037bc]
J 18831 c2 org.eclipse.jdt.ls.core.internal.codemanipulation.GenerateGetterSetterOperation.insertMethod(Lorg/eclipse/jdt/core/IField;Lorg/eclipse/jdt/core/dom/rewrite/ListRewrite;Lorg/eclipse/jdt/ls/core/internal/codemanipulation/GenerateGetterSetterOperation$AccessorKind;Lorg/eclipse/jdt/core/dom/ASTNode;)V (175 bytes) @ 0x00007eff9d0e4bd0 [0x00007eff9d0e2b00+0x00000000000020d0]
J 19798 c2 org.eclipse.jdt.ls.core.internal.codemanipulation.GenerateGetterSetterOperation.generateGetterSetterMethods(Lorg/eclipse/jdt/core/dom/rewrite/ListRewrite;Lorg/eclipse/jdt/ls/core/internal/codemanipulation/GenerateGetterSetterOperation$AccessorField;Lorg/eclipse/jdt/core/dom/ASTNode;)V (74 bytes) @ 0x00007eff9ca2ef5c [0x00007eff9ca2e9a0+0x00000000000005bc]
J 17658 c1 org.eclipse.jdt.ls.core.internal.codemanipulation.GenerateGetterSetterOperation.createTextEdit(Lorg/eclipse/core/runtime/IProgressMonitor;[Lorg/eclipse/jdt/ls/core/internal/codemanipulation/GenerateGetterSetterOperation$AccessorField;)Lorg/eclipse/text/edits/TextEdit; (237 bytes) @ 0x00007eff968c3034 [0x00007eff968c1d60+0x00000000000012d4]
j  org.eclipse.jdt.ls.core.internal.text.correction.SourceAssistProcessor.lambda$3(Lorg/eclipse/jdt/core/IType;Lorg/eclipse/lsp4j/CodeActionParams;Lorg/eclipse/jdt/ls/core/internal/corrections/IInvocationContext;[Lorg/eclipse/jdt/ls/core/internal/codemanipulation/GenerateGetterSetterOperation$AccessorField;Lorg/eclipse/core/runtime/IProgressMonitor;)Lorg/eclipse/lsp4j/WorkspaceEdit;+44
j  org.eclipse.jdt.ls.core.internal.text.correction.SourceAssistProcessor$$Lambda$571.resolveEdit(Lorg/eclipse/core/runtime/IProgressMonitor;)Lorg/eclipse/lsp4j/WorkspaceEdit;+21
J 20089 c1 org.eclipse.jdt.ls.core.internal.text.correction.SourceAssistProcessor.getCodeActionFromProposal(Lorg/eclipse/lsp4j/CodeActionContext;Lorg/eclipse/jdt/core/ICompilationUnit;Ljava/lang/String;Ljava/lang/String;Lorg/eclipse/jdt/ls/core/internal/handlers/CodeActionProposal;)Ljava/util/Optional; (178 bytes) @ 0x00007eff97324c8c [0x00007eff973243a0+0x00000000000008ec]
j  org.eclipse.jdt.ls.core.internal.text.correction.SourceAssistProcessor.getGetterSetterAction(Lorg/eclipse/lsp4j/CodeActionParams;Lorg/eclipse/jdt/ls/core/internal/corrections/IInvocationContext;Lorg/eclipse/jdt/core/IType;)Ljava/util/Optional;+73
j  org.eclipse.jdt.ls.core.internal.text.correction.SourceAssistProcessor.getSourceActionCommands(Lorg/eclipse/lsp4j/CodeActionParams;Lorg/eclipse/jdt/ls/core/internal/corrections/IInvocationContext;[Lorg/eclipse/jdt/internal/ui/text/correction/IProblemLocationCore;Lorg/eclipse/core/runtime/IProgressMonitor;)Ljava/util/List;+236
j  org.eclipse.jdt.ls.core.internal.handlers.CodeActionHandler.getCodeActionCommands(Lorg/eclipse/lsp4j/CodeActionParams;Lorg/eclipse/core/runtime/IProgressMonitor;)Ljava/util/List;+800
j  org.eclipse.jdt.ls.core.internal.handlers.JDTLanguageServer.lambda$14(Lorg/eclipse/jdt/ls/core/internal/handlers/CodeActionHandler;Lorg/eclipse/lsp4j/CodeActionParams;Lorg/eclipse/core/runtime/IProgressMonitor;)Ljava/util/List;+8
j  org.eclipse.jdt.ls.core.internal.handlers.JDTLanguageServer$$Lambda$263.apply(Ljava/lang/Object;)Ljava/lang/Object;+16
j  org.eclipse.jdt.ls.core.internal.BaseJDTLanguageServer.lambda$0(Ljava/util/function/Function;Lorg/eclipse/lsp4j/jsonrpc/CancelChecker;)Ljava/lang/Object;+6
j  org.eclipse.jdt.ls.core.internal.BaseJDTLanguageServer$$Lambda$264.apply(Ljava/lang/Object;)Ljava/lang/Object;+12
J 17297 c1 java.util.concurrent.CompletableFuture$UniApply.tryFire(I)Ljava/util/concurrent/CompletableFuture; java.base@11.0.11 (149 bytes) @ 0x00007eff96964594 [0x00007eff96963800+0x0000000000000d94]
j  java.util.concurrent.CompletableFuture$Completion.exec()Z+2 java.base@11.0.11
J 20178 c1 java.util.concurrent.ForkJoinTask.doExec()I java.base@11.0.11 (37 bytes) @ 0x00007eff9738aef4 [0x00007eff9738ad80+0x0000000000000174]
j  java.util.concurrent.ForkJoinPool$WorkQueue.topLevelExec(Ljava/util/concurrent/ForkJoinTask;Ljava/util/concurrent/ForkJoinPool$WorkQueue;I)V+12 java.base@11.0.11
j  java.util.concurrent.ForkJoinPool.scan(Ljava/util/concurrent/ForkJoinPool$WorkQueue;I)Z+182 java.base@11.0.11
j  java.util.concurrent.ForkJoinPool.runWorker(Ljava/util/concurrent/ForkJoinPool$WorkQueue;)V+25 java.base@11.0.11
j  java.util.concurrent.ForkJoinWorkerThread.run()V+24 java.base@11.0.11
v  ~StubRoutines::call_stub
V  [libjvm.so+0x82db91]
V  [libjvm.so+0x82c030]
V  [libjvm.so+0x82c0eb]
V  [libjvm.so+0x8cae9c]
V  [libjvm.so+0xdba950]
V  [libjvm.so+0xdb67e9]
V  [libjvm.so+0xb7b34e]


siginfo: si_signo: 11 (SIGSEGV), si_code: 1 (SEGV_MAPERR), si_addr: 0x0000000100000000

Register to memory mapping:

RAX=0x00007eff171df760 is pointing into the stack for thread: 0x00007eff100fa000
RBX=0x00000000ffffff80 points into unknown readable memory: 0x0000000000000001 | 01 00 00 00 00 00 00 00
RCX=0x000000000000002c is an unknown value
RDX=0x0 is NULL
RSP=0x00007eff171df6c0 is pointing into the stack for thread: 0x00007eff100fa000
RBP=0x0000000000000010 is an unknown value
RSI=0x00000000ffffff98 points into unknown readable memory: 0x99c4d2e0bf576ea1 | a1 6e 57 bf e0 d2 c4 99
RDI=0x000000000000000f is an unknown value
R8 =0x0000000000000004 is an unknown value
R9 =0x000000000000005a is an unknown value
R10=0x0000000000000004 is an unknown value
R11=0x0000000000000009 is an unknown value
R12=0x0 is NULL
R13=0x00000000ffffffe0 points into unknown readable memory: 0x0000000000000001 | 01 00 00 00 00 00 00 00
R14=0x0 is NULL
R15=0x00007eff100fa000 is a thread


Registers:
RAX=0x00007eff171df760, RBX=0x00000000ffffff80, RCX=0x000000000000002c, RDX=0x0000000000000000
RSP=0x00007eff171df6c0, RBP=0x0000000000000010, RSI=0x00000000ffffff98, RDI=0x000000000000000f
R8 =0x0000000000000004, R9 =0x000000000000005a, R10=0x0000000000000004, R11=0x0000000000000009
R12=0x0000000000000000, R13=0x00000000ffffffe0, R14=0x0000000000000000, R15=0x00007eff100fa000
RIP=0x00007eff9ce1fbda, EFLAGS=0x0000000000010293, CSGSFS=0x002b000000000033, ERR=0x0000000000000004
  TRAPNO=0x000000000000000e

Top of Stack: (sp=0x00007eff171df6c0)
0x00007eff171df6c0:   00000000f55f8f00 0000000000000010
0x00007eff171df6d0:   0000000000000007 f394ea5000000010
0x00007eff171df6e0:   00000190f5603e68 00000000f55f8f00
0x00007eff171df6f0:   00000000f5603e68 0000067000000800 

Instructions: (pc=0x00007eff9ce1fbda)
0x00007eff9ce1fada:   00 01 00 00 c7 43 08 14 6f 07 00 44 8b 5c 24 08
0x00007eff9ce1faea:   44 89 5b 0c 41 0f 0d 88 40 01 00 00 41 0f 0d 88
0x00007eff9ce1fafa:   80 01 00 00 48 c1 ee 03 4c 8b db 49 83 c3 10 85
0x00007eff9ce1fb0a:   ed 0f 84 f3 0a 00 00 4d 63 d2 4d 8b c1 48 63 c9
0x00007eff9ce1fb1a:   4c 2b d1 4f 8d 54 11 10 48 63 d5 3b 6c 24 08 0f
0x00007eff9ce1fb2a:   8c 97 06 00 00 49 8b fa 49 8b f3 c5 f8 77 49 ba
0x00007eff9ce1fb3a:   60 75 8b 94 ff 7e 00 00 41 ff d2 44 8b 54 24 20
0x00007eff9ce1fb4a:   4d 23 32 49 83 fe 05 0f 85 a9 0b 00 00 44 8b 5c
0x00007eff9ce1fb5a:   24 08 45 85 db 0f 86 cc 00 00 00 8b 7c 24 08 ff
0x00007eff9ce1fb6a:   cf 3b 7c 24 08 0f 83 63 0c 00 00 45 85 db 0f 86
0x00007eff9ce1fb7a:   5a 0c 00 00 41 b8 04 00 00 00 44 3b 44 24 08 45
0x00007eff9ce1fb8a:   0f 4f c3 45 33 d2 4d 63 da 42 0f be 4c 1b 10 47
0x00007eff9ce1fb9a:   0f be 4c 1d 10 41 33 c9 43 88 4c 1d 10 41 ff c2
0x00007eff9ce1fbaa:   45 3b d0 7c e1 44 8b 5c 24 08 41 83 c3 f9 41 3b
0x00007eff9ce1fbba:   fb 41 b8 00 00 00 80 45 0f 4c d8 45 3b d3 7d 3c
0x00007eff9ce1fbca:   66 0f 1f 44 00 00 4d 63 c2 c4 a1 79 6e 44 03 10
0x00007eff9ce1fbda:   c4 81 79 ef 44 05 10 c4 81 79 7e 44 05 10 c4 a1
0x00007eff9ce1fbea:   79 6e 44 03 14 c4 81 79 ef 44 05 14 c4 81 79 7e
0x00007eff9ce1fbfa:   44 05 14 41 83 c2 08 45 3b d3 7c ca 44 3b 54 24
0x00007eff9ce1fc0a:   08 7d 24 66 66 90 4d 63 da 46 0f be 4c 1b 10 47
0x00007eff9ce1fc1a:   0f be 44 1d 10 45 33 c8 47 88 4c 1d 10 41 ff c2
0x00007eff9ce1fc2a:   44 3b 54 24 08 7c df c5 f8 77 48 81 c4 b0 00 00
0x00007eff9ce1fc3a:   00 5d 4d 8b 97 08 01 00 00 41 85 02 c3 41 be 07
0x00007eff9ce1fc4a:   00 00 00 45 33 c0 4c 8b 2c 24 e9 2a f3 ff ff 44
0x00007eff9ce1fc5a:   8b 56 3c 49 8b 02 4c 8b d8 49 83 e3 07 4d 8b c2
0x00007eff9ce1fc6a:   49 83 fb 05 0f 85 29 0d 00 00 45 8b 5a 08 49 c1
0x00007eff9ce1fc7a:   e3 03 49 bc 00 00 00 00 08 00 00 00 4d 03 dc 4d
0x00007eff9ce1fc8a:   33 e4 4d 8b 9b b8 00 00 00 4d 8b cb 4d 0b cf 49
0x00007eff9ce1fc9a:   8b c9 48 33 c8 48 f7 c1 87 ff ff ff 0f 85 81 0d
0x00007eff9ce1fcaa:   00 00 4c 8b 5c 24 28 45 8b 4b 34 45 85 c9 0f 84
0x00007eff9ce1fcba:   9f 02 00 00 4d 8b d9 4c 89 5c 24 30 41 bb 07 00
0x00007eff9ce1fcca:   00 00 4d 23 1a 49 83 fb 05 0f 84 f6 f0 ff ff 48 


Stack slot to memory mapping:
stack at sp + 0 slots: 0x00000000f55f8f00 is an oop: sun.security.provider.NativePRNG$RandomIO 
{0x00000000f55f8f00} - klass: 'sun/security/provider/NativePRNG$RandomIO'
stack at sp + 1 slots: 0x0000000000000010 is an unknown value
stack at sp + 2 slots: 0x0000000000000007 is an unknown value
stack at sp + 3 slots: 0xf394ea5000000010 is an unknown value
stack at sp + 4 slots: 0x00000190f5603e68 is an unknown value
stack at sp + 5 slots: 0x00000000f55f8f00 is an oop: sun.security.provider.NativePRNG$RandomIO 
{0x00000000f55f8f00} - klass: 'sun/security/provider/NativePRNG$RandomIO'
stack at sp + 6 slots: 0x00000000f5603e68 points into unknown readable memory: 0x0000000000000001 | 01 00 00 00 00 00 00 00
stack at sp + 7 slots: 0x0000067000000800 is an unknown value



---------------  P R O C E S S  ---------------

Threads class SMR info:
_java_thread_list=0x00007efee8003110, length=24, elements={
0x00007effac016800, 0x00007effac130000, 0x00007effac132000, 0x00007effac138000,
0x00007effac13a000, 0x00007effac13c000, 0x00007effac13e000, 0x00007effac140000,
0x00007effac1df800, 0x00007effac440000, 0x00007effac47f800, 0x00007effac482800,
0x00007eff4c02d000, 0x00007eff4c402000, 0x00007eff34009800, 0x00007eff4c60f800,
0x00007eff4c6a6800, 0x00007eff4c252800, 0x00007effac487000, 0x00007effac527800,
0x00007eff100f5800, 0x00007eff100f8800, 0x00007eff100fa000, 0x00007eff28016000
}

Java Threads: ( => current thread )
  0x00007effac016800 JavaThread "main" [_thread_blocked, id=4061, stack(0x00007effb6242000,0x00007effb6343000)]
  0x00007effac130000 JavaThread "Reference Handler" daemon [_thread_blocked, id=4065, stack(0x00007effb0b76000,0x00007effb0c77000)]
  0x00007effac132000 JavaThread "Finalizer" daemon [_thread_blocked, id=4066, stack(0x00007effb0a75000,0x00007effb0b76000)]
  0x00007effac138000 JavaThread "Signal Dispatcher" daemon [_thread_blocked, id=4067, stack(0x00007effb0696000,0x00007effb0797000)]
  0x00007effac13a000 JavaThread "Service Thread" daemon [_thread_blocked, id=4068, stack(0x00007effb0595000,0x00007effb0696000)]
  0x00007effac13c000 JavaThread "C2 CompilerThread0" daemon [_thread_blocked, id=4069, stack(0x00007effb0494000,0x00007effb0595000)]
  0x00007effac13e000 JavaThread "C1 CompilerThread0" daemon [_thread_blocked, id=4070, stack(0x00007effb0393000,0x00007effb0494000)]
  0x00007effac140000 JavaThread "Sweeper thread" daemon [_thread_blocked, id=4071, stack(0x00007effb0292000,0x00007effb0393000)]
  0x00007effac1df800 JavaThread "Common-Cleaner" daemon [_thread_blocked, id=4073, stack(0x00007effb008f000,0x00007effb0190000)]
  0x00007effac440000 JavaThread "Active Thread: Equinox Container: ef6634f2-f70b-4821-9bfb-3a0d956b8022" [_thread_blocked, id=4078, stack(0x00007eff8deff000,0x00007eff8e000000)]
  0x00007effac47f800 JavaThread "Framework Event Dispatcher: Equinox Container: ef6634f2-f70b-4821-9bfb-3a0d956b8022" daemon [_thread_blocked, id=4079, stack(0x00007eff8ddfe000,0x00007eff8deff000)]
  0x00007effac482800 JavaThread "Start Level: Equinox Container: ef6634f2-f70b-4821-9bfb-3a0d956b8022" daemon [_thread_blocked, id=4080, stack(0x00007eff8dcfd000,0x00007eff8ddfe000)]
  0x00007eff4c02d000 JavaThread "SCR Component Actor" daemon [_thread_blocked, id=4081, stack(0x00007eff8d9eb000,0x00007eff8daec000)]
  0x00007eff4c402000 JavaThread "Worker-JM" [_thread_blocked, id=4086, stack(0x00007eff8d1e5000,0x00007eff8d2e6000)]
  0x00007eff34009800 JavaThread "Worker-1" [_thread_blocked, id=4088, stack(0x00007eff8cde3000,0x00007eff8cee4000)]
  0x00007eff4c60f800 JavaThread "Java indexing" daemon [_thread_blocked, id=4089, stack(0x00007eff8c8e2000,0x00007eff8c9e3000)]
  0x00007eff4c6a6800 JavaThread "Bundle File Closer" daemon [_thread_blocked, id=4091, stack(0x00007eff8c6e0000,0x00007eff8c7e1000)]
  0x00007eff4c252800 JavaThread "logback configurator timer" daemon [_thread_blocked, id=4092, stack(0x00007eff8c3df000,0x00007eff8c4e0000)]
  0x00007effac487000 JavaThread "pool-3-thread-1" [_thread_blocked, id=4093, stack(0x00007eff8c0de000,0x00007eff8c1df000)]
  0x00007effac527800 JavaThread "pool-2-thread-1" [_thread_blocked, id=4094, stack(0x00007eff17cff000,0x00007eff17e00000)]
  0x00007eff100f5800 JavaThread "ForkJoinPool.commonPool-worker-3" daemon [_thread_blocked, id=4104, stack(0x00007eff171e2000,0x00007eff172e3000)]
  0x00007eff100f8800 JavaThread "ForkJoinPool.commonPool-worker-5" daemon [_thread_blocked, id=4105, stack(0x00007eff173e4000,0x00007eff174e5000)]
=>0x00007eff100fa000 JavaThread "ForkJoinPool.commonPool-worker-7" daemon [_thread_in_Java, id=4106, stack(0x00007eff170e1000,0x00007eff171e2000)]
  0x00007eff28016000 JavaThread "Worker-17" [_thread_blocked, id=4840, stack(0x00007eff8d8ea000,0x00007eff8d9eb000)]

Other Threads:
  0x00007effac12d000 VMThread "VM Thread" [stack: 0x00007effb0c79000,0x00007effb0d79000] [id=4064] _threads_hazard_ptr=0x00007efee8003110
  0x00007effac1dc800 WatcherThread [stack: 0x00007effb0192000,0x00007effb0292000] [id=4072]
  0x00007effac02a000 GCTaskThread "GC Thread#0" [stack: 0x00007effb2217000,0x00007effb2317000] [id=4062]
  0x00007eff80001000 GCTaskThread "GC Thread#1" [stack: 0x00007eff94020000,0x00007eff94120000] [id=4077]
  0x00007eff80002800 GCTaskThread "GC Thread#2" [stack: 0x00007eff8d7ea000,0x00007eff8d8ea000] [id=4083]
  0x00007eff80004000 GCTaskThread "GC Thread#3" [stack: 0x00007eff8d6e8000,0x00007eff8d7e8000] [id=4084]
  0x00007effac06d800 ConcurrentGCThread "CMS Main Thread" [stack: 0x00007effb1657000,0x00007effb1757000] [id=4063]

Threads with active compile tasks:

VM state:synchronizing (normal execution)

VM Mutex/Monitor currently owned by a thread:  ([mutex/lock_event])
[0x00007effac012980] Safepoint_lock - owner thread: 0x00007effac12d000
[0x00007effac012a10] Threads_lock - owner thread: 0x00007effac12d000
[0x00007effac0131f0] Heap_lock - owner thread: 0x00007eff100f8800

Heap address: 0x00000000f0000000, size: 256 MB, Compressed Oops mode: 32-bit
Narrow klass base: 0x0000000800000000, Narrow klass shift: 3
Compressed class space size: 1073741824 Address: 0x0000000840000000

Heap:
 par new generation   total 78656K, used 78655K [0x00000000f0000000, 0x00000000f5550000, 0x00000000f5550000)
  eden space 69952K, 100% used [0x00000000f0000000, 0x00000000f4450000, 0x00000000f4450000)
  from space 8704K,  99% used [0x00000000f4450000, 0x00000000f4ccfff0, 0x00000000f4cd0000)
  to   space 8704K,   0% used [0x00000000f4cd0000, 0x00000000f4cd0000, 0x00000000f5550000)
 concurrent mark-sweep generation total 174784K, used 174784K [0x00000000f5550000, 0x0000000100000000, 0x0000000100000000)
 Metaspace       used 65915K, capacity 68793K, committed 69760K, reserved 1112064K
  class space    used 6077K, capacity 7052K, committed 7296K, reserved 1048576K

Card table byte_map: [0x00007effb61c1000,0x00007effb6242000] _byte_map_base: 0x00007effb5a41000

Marking Bits: (CMSBitMap*) 0x00007effac06c440
 Bits: [0x00007effb1b66000, 0x00007effb1e10c00)

Mod Union Table: (CMSBitMap*) 0x00007effac06c4e0
 Bits: [0x00007effb1b5b000, 0x00007effb1b65ab0)

Polling page: 0x00007effb635e000

Metaspace:

Usage:
  Non-class:     60.29 MB capacity,    58.43 MB ( 97%) used,     1.72 MB (  3%) free+waste,   146.12 KB ( <1%) overhead. 
      Class:      6.89 MB capacity,     5.94 MB ( 86%) used,   915.06 KB ( 13%) free+waste,    59.19 KB ( <1%) overhead. 
       Both:     67.18 MB capacity,    64.37 MB ( 96%) used,     2.61 MB (  4%) free+waste,   205.31 KB ( <1%) overhead. 

Virtual space:
  Non-class space:       62.00 MB reserved,      61.00 MB ( 98%) committed 
      Class space:        1.00 GB reserved,       7.12 MB ( <1%) committed 
             Both:        1.06 GB reserved,      68.12 MB (  6%) committed 

Chunk freelists:
   Non-Class:  623.00 KB
       Class:  148.00 KB
        Both:  771.00 KB

MaxMetaspaceSize: unlimited
CompressedClassSpaceSize: 1.00 GB

CodeHeap 'non-profiled nmethods': size=120032Kb used=15277Kb max_used=15277Kb free=104754Kb
 bounds [0x00007eff9c340000, 0x00007eff9d230000, 0x00007effa3878000]
CodeHeap 'profiled nmethods': size=120032Kb used=38673Kb max_used=38673Kb free=81359Kb
 bounds [0x00007eff94e08000, 0x00007eff97428000, 0x00007eff9c340000]
CodeHeap 'non-nmethods': size=5696Kb used=1302Kb max_used=1418Kb free=4393Kb
 bounds [0x00007eff94878000, 0x00007eff94ae8000, 0x00007eff94e08000]
 total_blobs=15532 nmethods=14838 adapters=603
 compilation: enabled
              stopped_count=0, restarted_count=0
 full_count=0

Compilation events (20 events):
Event: 688.736 Thread 0x00007effac13e000 20347       3       org.eclipse.lsp4j.jsonrpc.RemoteEndpoint::createResponseMessage (24 bytes)
Event: 688.737 Thread 0x00007effac13e000 nmethod 20347 0x00007eff97407490 code [0x00007eff97407660, 0x00007eff97407bb0]
Event: 688.740 Thread 0x00007effac13c000 20348       4       org.eclipse.jdt.internal.corext.dom.GenericVisitor::endVisit (6 bytes)
Event: 688.741 Thread 0x00007effac13c000 nmethod 20348 0x00007eff9cdd8d90 code [0x00007eff9cdd8f20, 0x00007eff9cdd8f98]
Event: 688.747 Thread 0x00007effac13c000 20349       4       org.eclipse.jdt.internal.core.DeltaProcessingState::getDeltaProcessor (39 bytes)
Event: 688.756 Thread 0x00007effac13c000 nmethod 20349 0x00007eff9d22bf10 code [0x00007eff9d22c140, 0x00007eff9d22ca48]
Event: 689.441 Thread 0x00007effac13e000 20350       3       org.eclipse.jdt.internal.compiler.problem.ProblemReporter::parseErrorInsertToComplete (29 bytes)
Event: 689.442 Thread 0x00007effac13e000 nmethod 20350 0x00007eff97407d10 code [0x00007eff97407ee0, 0x00007eff974083a0]
Event: 689.442 Thread 0x00007effac13e000 20351       3       org.eclipse.jdt.internal.compiler.SourceElementParser$1::record (22 bytes)
Event: 689.442 Thread 0x00007effac13e000 nmethod 20351 0x00007eff96d52c90 code [0x00007eff96d52e60, 0x00007eff96d530d0]
Event: 689.452 Thread 0x00007effac13e000 20353       3       org.eclipse.jdt.internal.codeassist.complete.CompletionParser::buildMoreCompletionEnclosingContext (382 bytes)
Event: 689.454 Thread 0x00007effac13e000 nmethod 20353 0x00007eff97408510 code [0x00007eff974088a0, 0x00007eff9740adc0]
Event: 689.455 Thread 0x00007effac13e000 20352       3       org.eclipse.jdt.internal.codeassist.complete.CompletionParser::buildMoreCompletionContext (2757 bytes)
Event: 689.466 Thread 0x00007effac13e000 nmethod 20352 0x00007eff9740b790 code [0x00007eff9740c4c0, 0x00007eff97417aa0]
Event: 690.226 Thread 0x00007effac13c000 20354       4       org.eclipse.jdt.internal.compiler.SourceElementParser::getTypeReference (765 bytes)
Event: 690.257 Thread 0x00007effac13c000 nmethod 20354 0x00007eff9d22d010 code [0x00007eff9d22d2c0, 0x00007eff9d22e8e0]
Event: 690.257 Thread 0x00007effac13c000 20355       4       org.eclipse.jdt.internal.compiler.ast.MarkerAnnotation::memberValuePairs (4 bytes)
Event: 690.257 Thread 0x00007effac13c000 nmethod 20355 0x00007eff9ce8a610 code [0x00007eff9ce8a7a0, 0x00007eff9ce8a818]
Event: 696.126 Thread 0x00007effac13c000 20356       4       org.eclipse.osgi.container.ModuleDatabase::readLock (11 bytes)
Event: 696.127 Thread 0x00007effac13c000 nmethod 20356 0x00007eff9d22f910 code [0x00007eff9d22fac0, 0x00007eff9d22fba8]

GC Heap History (20 events):
Event: 690.956 GC heap before
{Heap before GC invocations=1556 (full 1344):
 par new generation   total 78656K, used 78655K [0x00000000f0000000, 0x00000000f5550000, 0x00000000f5550000)
  eden space 69952K, 100% used [0x00000000f0000000, 0x00000000f4450000, 0x00000000f4450000)
  from space 8704K,  99% used [0x00000000f4450000, 0x00000000f4ccfff8, 0x00000000f4cd0000)
  to   space 8704K,   0% used [0x00000000f4cd0000, 0x00000000f4cd0000, 0x00000000f5550000)
 concurrent mark-sweep generation total 174784K, used 174783K [0x00000000f5550000, 0x0000000100000000, 0x0000000100000000)
 Metaspace       used 65915K, capacity 68793K, committed 69760K, reserved 1112064K
  class space    used 6077K, capacity 7052K, committed 7296K, reserved 1048576K
}
Event: 691.701 GC heap after
{Heap after GC invocations=1557 (full 1345):
 par new generation   total 78656K, used 69779K [0x00000000f0000000, 0x00000000f5550000, 0x00000000f5550000)
  eden space 69952K,  99% used [0x00000000f0000000, 0x00000000f4424ce0, 0x00000000f4450000)
  from space 8704K,   0% used [0x00000000f4450000, 0x00000000f4450000, 0x00000000f4cd0000)
  to   space 8704K,   0% used [0x00000000f4cd0000, 0x00000000f4cd0000, 0x00000000f5550000)
 concurrent mark-sweep generation total 174784K, used 174783K [0x00000000f5550000, 0x0000000100000000, 0x0000000100000000)
 Metaspace       used 65915K, capacity 68793K, committed 69760K, reserved 1112064K
  class space    used 6077K, capacity 7052K, committed 7296K, reserved 1048576K
}
Event: 691.746 GC heap before
{Heap before GC invocations=1557 (full 1345):
 par new generation   total 78656K, used 78655K [0x00000000f0000000, 0x00000000f5550000, 0x00000000f5550000)
  eden space 69952K, 100% used [0x00000000f0000000, 0x00000000f4450000, 0x00000000f4450000)
  from space 8704K,  99% used [0x00000000f4450000, 0x00000000f4ccfe78, 0x00000000f4cd0000)
  to   space 8704K,   0% used [0x00000000f4cd0000, 0x00000000f4cd0000, 0x00000000f5550000)
 concurrent mark-sweep generation total 174784K, used 174783K [0x00000000f5550000, 0x0000000100000000, 0x0000000100000000)
 Metaspace       used 65915K, capacity 68793K, committed 69760K, reserved 1112064K
  class space    used 6077K, capacity 7052K, committed 7296K, reserved 1048576K
}
Event: 692.329 GC heap after
{Heap after GC invocations=1558 (full 1346):
 par new generation   total 78656K, used 69720K [0x00000000f0000000, 0x00000000f5550000, 0x00000000f5550000)
  eden space 69952K,  99% used [0x00000000f0000000, 0x00000000f4416078, 0x00000000f4450000)
  from space 8704K,   0% used [0x00000000f4450000, 0x00000000f4450000, 0x00000000f4cd0000)
  to   space 8704K,   0% used [0x00000000f4cd0000, 0x00000000f4cd0000, 0x00000000f5550000)
 concurrent mark-sweep generation total 174784K, used 174783K [0x00000000f5550000, 0x0000000100000000, 0x0000000100000000)
 Metaspace       used 65915K, capacity 68793K, committed 69760K, reserved 1112064K
  class space    used 6077K, capacity 7052K, committed 7296K, reserved 1048576K
}
Event: 692.423 GC heap before
{Heap before GC invocations=1558 (full 1347):
 par new generation   total 78656K, used 78656K [0x00000000f0000000, 0x00000000f5550000, 0x00000000f5550000)
  eden space 69952K, 100% used [0x00000000f0000000, 0x00000000f4450000, 0x00000000f4450000)
  from space 8704K, 100% used [0x00000000f4450000, 0x00000000f4cd0000, 0x00000000f4cd0000)
  to   space 8704K,   0% used [0x00000000f4cd0000, 0x00000000f4cd0000, 0x00000000f5550000)
 concurrent mark-sweep generation total 174784K, used 174783K [0x00000000f5550000, 0x0000000100000000, 0x0000000100000000)
 Metaspace       used 65915K, capacity 68793K, committed 69760K, reserved 1112064K
  class space    used 6077K, capacity 7052K, committed 7296K, reserved 1048576K
}
Event: 693.157 GC heap after
{Heap after GC invocations=1559 (full 1348):
 par new generation   total 78656K, used 69722K [0x00000000f0000000, 0x00000000f5550000, 0x00000000f5550000)
  eden space 69952K,  99% used [0x00000000f0000000, 0x00000000f4416a10, 0x00000000f4450000)
  from space 8704K,   0% used [0x00000000f4450000, 0x00000000f4450000, 0x00000000f4cd0000)
  to   space 8704K,   0% used [0x00000000f4cd0000, 0x00000000f4cd0000, 0x00000000f5550000)
 concurrent mark-sweep generation total 174784K, used 174783K [0x00000000f5550000, 0x0000000100000000, 0x0000000100000000)
 Metaspace       used 65915K, capacity 68793K, committed 69760K, reserved 1112064K
  class space    used 6077K, capacity 7052K, committed 7296K, reserved 1048576K
}
Event: 693.212 GC heap before
{Heap before GC invocations=1559 (full 1348):
 par new generation   total 78656K, used 78650K [0x00000000f0000000, 0x00000000f5550000, 0x00000000f5550000)
  eden space 69952K, 100% used [0x00000000f0000000, 0x00000000f4450000, 0x00000000f4450000)
  from space 8704K,  99% used [0x00000000f4450000, 0x00000000f4ccead0, 0x00000000f4cd0000)
  to   space 8704K,   0% used [0x00000000f4cd0000, 0x00000000f4cd0000, 0x00000000f5550000)
 concurrent mark-sweep generation total 174784K, used 174783K [0x00000000f5550000, 0x0000000100000000, 0x0000000100000000)
 Metaspace       used 65915K, capacity 68793K, committed 69760K, reserved 1112064K
  class space    used 6077K, capacity 7052K, committed 7296K, reserved 1048576K
}
Event: 693.790 GC heap after
{Heap after GC invocations=1560 (full 1349):
 par new generation   total 78656K, used 69726K [0x00000000f0000000, 0x00000000f5550000, 0x00000000f5550000)
  eden space 69952K,  99% used [0x00000000f0000000, 0x00000000f4417bc0, 0x00000000f4450000)
  from space 8704K,   0% used [0x00000000f4450000, 0x00000000f4450000, 0x00000000f4cd0000)
  to   space 8704K,   0% used [0x00000000f4cd0000, 0x00000000f4cd0000, 0x00000000f5550000)
 concurrent mark-sweep generation total 174784K, used 174782K [0x00000000f5550000, 0x0000000100000000, 0x0000000100000000)
 Metaspace       used 65915K, capacity 68793K, committed 69760K, reserved 1112064K
  class space    used 6077K, capacity 7052K, committed 7296K, reserved 1048576K
}
Event: 693.898 GC heap before
{Heap before GC invocations=1560 (full 1350):
 par new generation   total 78656K, used 78656K [0x00000000f0000000, 0x00000000f5550000, 0x00000000f5550000)
  eden space 69952K, 100% used [0x00000000f0000000, 0x00000000f4450000, 0x00000000f4450000)
  from space 8704K, 100% used [0x00000000f4450000, 0x00000000f4cd0000, 0x00000000f4cd0000)
  to   space 8704K,   0% used [0x00000000f4cd0000, 0x00000000f4cd0000, 0x00000000f5550000)
 concurrent mark-sweep generation total 174784K, used 174783K [0x00000000f5550000, 0x0000000100000000, 0x0000000100000000)
 Metaspace       used 65915K, capacity 68793K, committed 69760K, reserved 1112064K
  class space    used 6077K, capacity 7052K, committed 7296K, reserved 1048576K
}
Event: 694.647 GC heap after
{Heap after GC invocations=1561 (full 1351):
 par new generation   total 78656K, used 69782K [0x00000000f0000000, 0x00000000f5550000, 0x00000000f5550000)
  eden space 69952K,  99% used [0x00000000f0000000, 0x00000000f4425a70, 0x00000000f4450000)
  from space 8704K,   0% used [0x00000000f4450000, 0x00000000f4450000, 0x00000000f4cd0000)
  to   space 8704K,   0% used [0x00000000f4cd0000, 0x00000000f4cd0000, 0x00000000f5550000)
 concurrent mark-sweep generation total 174784K, used 174783K [0x00000000f5550000, 0x0000000100000000, 0x0000000100000000)
 Metaspace       used 65915K, capacity 68793K, committed 69760K, reserved 1112064K
  class space    used 6077K, capacity 7052K, committed 7296K, reserved 1048576K
}
Event: 694.702 GC heap before
{Heap before GC invocations=1561 (full 1351):
 par new generation   total 78656K, used 78655K [0x00000000f0000000, 0x00000000f5550000, 0x00000000f5550000)
  eden space 69952K, 100% used [0x00000000f0000000, 0x00000000f4450000, 0x00000000f4450000)
  from space 8704K,  99% used [0x00000000f4450000, 0x00000000f4ccfff8, 0x00000000f4cd0000)
  to   space 8704K,   0% used [0x00000000f4cd0000, 0x00000000f4cd0000, 0x00000000f5550000)
 concurrent mark-sweep generation total 174784K, used 174784K [0x00000000f5550000, 0x0000000100000000, 0x0000000100000000)
 Metaspace       used 65915K, capacity 68793K, committed 69760K, reserved 1112064K
  class space    used 6077K, capacity 7052K, committed 7296K, reserved 1048576K
}
Event: 695.276 GC heap after
{Heap after GC invocations=1562 (full 1352):
 par new generation   total 78656K, used 69792K [0x00000000f0000000, 0x00000000f5550000, 0x00000000f5550000)
  eden space 69952K,  99% used [0x00000000f0000000, 0x00000000f4428338, 0x00000000f4450000)
  from space 8704K,   0% used [0x00000000f4450000, 0x00000000f4450000, 0x00000000f4cd0000)
  to   space 8704K,   0% used [0x00000000f4cd0000, 0x00000000f4cd0000, 0x00000000f5550000)
 concurrent mark-sweep generation total 174784K, used 174782K [0x00000000f5550000, 0x0000000100000000, 0x0000000100000000)
 Metaspace       used 65915K, capacity 68793K, committed 69760K, reserved 1112064K
  class space    used 6077K, capacity 7052K, committed 7296K, reserved 1048576K
}
Event: 695.379 GC heap before
{Heap before GC invocations=1562 (full 1353):
 par new generation   total 78656K, used 78656K [0x00000000f0000000, 0x00000000f5550000, 0x00000000f5550000)
  eden space 69952K, 100% used [0x00000000f0000000, 0x00000000f4450000, 0x00000000f4450000)
  from space 8704K, 100% used [0x00000000f4450000, 0x00000000f4cd0000, 0x00000000f4cd0000)
  to   space 8704K,   0% used [0x00000000f4cd0000, 0x00000000f4cd0000, 0x00000000f5550000)
 concurrent mark-sweep generation total 174784K, used 174784K [0x00000000f5550000, 0x0000000100000000, 0x0000000100000000)
 Metaspace       used 65915K, capacity 68793K, committed 69760K, reserved 1112064K
  class space    used 6077K, capacity 7052K, committed 7296K, reserved 1048576K
}
Event: 696.126 GC heap after
{Heap after GC invocations=1563 (full 1354):
 par new generation   total 78656K, used 69805K [0x00000000f0000000, 0x00000000f5550000, 0x00000000f5550000)
  eden space 69952K,  99% used [0x00000000f0000000, 0x00000000f442b728, 0x00000000f4450000)
  from space 8704K,   0% used [0x00000000f4450000, 0x00000000f4450000, 0x00000000f4cd0000)
  to   space 8704K,   0% used [0x00000000f4cd0000, 0x00000000f4cd0000, 0x00000000f5550000)
 concurrent mark-sweep generation total 174784K, used 174783K [0x00000000f5550000, 0x0000000100000000, 0x0000000100000000)
 Metaspace       used 65915K, capacity 68793K, committed 69760K, reserved 1112064K
  class space    used 6077K, capacity 7052K, committed 7296K, reserved 1048576K
}
Event: 696.181 GC heap before
{Heap before GC invocations=1563 (full 1354):
 par new generation   total 78656K, used 78655K [0x00000000f0000000, 0x00000000f5550000, 0x00000000f5550000)
  eden space 69952K, 100% used [0x00000000f0000000, 0x00000000f4450000, 0x00000000f4450000)
  from space 8704K,  99% used [0x00000000f4450000, 0x00000000f4ccfdc0, 0x00000000f4cd0000)
  to   space 8704K,   0% used [0x00000000f4cd0000, 0x00000000f4cd0000, 0x00000000f5550000)
 concurrent mark-sweep generation total 174784K, used 174783K [0x00000000f5550000, 0x0000000100000000, 0x0000000100000000)
 Metaspace       used 65915K, capacity 68793K, committed 69760K, reserved 1112064K
  class space    used 6077K, capacity 7052K, committed 7296K, reserved 1048576K
}
Event: 696.754 GC heap after
{Heap after GC invocations=1564 (full 1355):
 par new generation   total 78656K, used 69818K [0x00000000f0000000, 0x00000000f5550000, 0x00000000f5550000)
  eden space 69952K,  99% used [0x00000000f0000000, 0x00000000f442e8b0, 0x00000000f4450000)
  from space 8704K,   0% used [0x00000000f4450000, 0x00000000f4450000, 0x00000000f4cd0000)
  to   space 8704K,   0% used [0x00000000f4cd0000, 0x00000000f4cd0000, 0x00000000f5550000)
 concurrent mark-sweep generation total 174784K, used 174782K [0x00000000f5550000, 0x0000000100000000, 0x0000000100000000)
 Metaspace       used 65915K, capacity 68793K, committed 69760K, reserved 1112064K
  class space    used 6077K, capacity 7052K, committed 7296K, reserved 1048576K
}
Event: 696.856 GC heap before
{Heap before GC invocations=1564 (full 1356):
 par new generation   total 78656K, used 78656K [0x00000000f0000000, 0x00000000f5550000, 0x00000000f5550000)
  eden space 69952K, 100% used [0x00000000f0000000, 0x00000000f4450000, 0x00000000f4450000)
  from space 8704K, 100% used [0x00000000f4450000, 0x00000000f4cd0000, 0x00000000f4cd0000)
  to   space 8704K,   0% used [0x00000000f4cd0000, 0x00000000f4cd0000, 0x00000000f5550000)
 concurrent mark-sweep generation total 174784K, used 174783K [0x00000000f5550000, 0x0000000100000000, 0x0000000100000000)
 Metaspace       used 65915K, capacity 68793K, committed 69760K, reserved 1112064K
  class space    used 6077K, capacity 7052K, committed 7296K, reserved 1048576K
}
Event: 697.591 GC heap after
{Heap after GC invocations=1565 (full 1357):
 par new generation   total 78656K, used 69769K [0x00000000f0000000, 0x00000000f5550000, 0x00000000f5550000)
  eden space 69952K,  99% used [0x00000000f0000000, 0x00000000f4422700, 0x00000000f4450000)
  from space 8704K,   0% used [0x00000000f4450000, 0x00000000f4450000, 0x00000000f4cd0000)
  to   space 8704K,   0% used [0x00000000f4cd0000, 0x00000000f4cd0000, 0x00000000f5550000)
 concurrent mark-sweep generation total 174784K, used 174783K [0x00000000f5550000, 0x0000000100000000, 0x0000000100000000)
 Metaspace       used 65915K, capacity 68793K, committed 69760K, reserved 1112064K
  class space    used 6077K, capacity 7052K, committed 7296K, reserved 1048576K
}
Event: 697.645 GC heap before
{Heap before GC invocations=1565 (full 1357):
 par new generation   total 78656K, used 78655K [0x00000000f0000000, 0x00000000f5550000, 0x00000000f5550000)
  eden space 69952K, 100% used [0x00000000f0000000, 0x00000000f4450000, 0x00000000f4450000)
  from space 8704K,  99% used [0x00000000f4450000, 0x00000000f4ccfff0, 0x00000000f4cd0000)
  to   space 8704K,   0% used [0x00000000f4cd0000, 0x00000000f4cd0000, 0x00000000f5550000)
 concurrent mark-sweep generation total 174784K, used 174784K [0x00000000f5550000, 0x0000000100000000, 0x0000000100000000)
 Metaspace       used 65915K, capacity 68793K, committed 69760K, reserved 1112064K
  class space    used 6077K, capacity 7052K, committed 7296K, reserved 1048576K
}
Event: 698.220 GC heap after
{Heap after GC invocations=1566 (full 1358):
 par new generation   total 78656K, used 69845K [0x00000000f0000000, 0x00000000f5550000, 0x00000000f5550000)
  eden space 69952K,  99% used [0x00000000f0000000, 0x00000000f44354e0, 0x00000000f4450000)
  from space 8704K,   0% used [0x00000000f4450000, 0x00000000f4450000, 0x00000000f4cd0000)
  to   space 8704K,   0% used [0x00000000f4cd0000, 0x00000000f4cd0000, 0x00000000f5550000)
 concurrent mark-sweep generation total 174784K, used 174782K [0x00000000f5550000, 0x0000000100000000, 0x0000000100000000)
 Metaspace       used 65915K, capacity 68793K, committed 69760K, reserved 1112064K
  class space    used 6077K, capacity 7052K, committed 7296K, reserved 1048576K
}

Deoptimization events (20 events):
Event: 588.728 Thread 0x00007eff100f8800 DEOPT PACKING pc=0x00007eff9c665a08 sp=0x00007eff174e2350
Event: 588.728 Thread 0x00007eff100f8800 DEOPT UNPACKING pc=0x00007eff948801a5 sp=0x00007eff174e2258 mode 2
Event: 588.729 Thread 0x00007eff100f8800 Uncommon trap: trap_request=0xffffffde fr.pc=0x00007eff9c65a2fc relative=0x000000000000067c
Event: 588.729 Thread 0x00007eff100f8800 Uncommon trap: reason=class_check action=maybe_recompile pc=0x00007eff9c65a2fc method=org.eclipse.jdt.internal.compiler.lookup.BinaryTypeBinding.getMemberType([C)Lorg/eclipse/jdt/internal/compiler/lookup/ReferenceBinding; @ 59 c2
Event: 588.729 Thread 0x00007eff100f8800 DEOPT PACKING pc=0x00007eff9c65a2fc sp=0x00007eff174e1dc0
Event: 588.729 Thread 0x00007eff100f8800 DEOPT UNPACKING pc=0x00007eff948801a5 sp=0x00007eff174e1d88 mode 2
Event: 629.127 Thread 0x00007eff2c035800 Uncommon trap: trap_request=0xffffffc6 fr.pc=0x00007eff9cde28b4 relative=0x0000000000000e54
Event: 629.127 Thread 0x00007eff2c035800 Uncommon trap: reason=bimorphic_or_optimized_type_check action=maybe_recompile pc=0x00007eff9cde28b4 method=java.util.Spliterators$1Adapter.hasNext()Z @ 12 c2
Event: 629.127 Thread 0x00007eff2c035800 DEOPT PACKING pc=0x00007eff9cde28b4 sp=0x00007eff170dd920
Event: 629.127 Thread 0x00007eff2c035800 DEOPT UNPACKING pc=0x00007eff948801a5 sp=0x00007eff170dd908 mode 2
Event: 629.129 Thread 0x00007eff2c035800 Uncommon trap: trap_request=0xffffffc6 fr.pc=0x00007eff9cde28b4 relative=0x0000000000000e54
Event: 629.129 Thread 0x00007eff2c035800 Uncommon trap: reason=bimorphic_or_optimized_type_check action=maybe_recompile pc=0x00007eff9cde28b4 method=java.util.Spliterators$1Adapter.hasNext()Z @ 12 c2
Event: 629.129 Thread 0x00007eff2c035800 DEOPT PACKING pc=0x00007eff9cde28b4 sp=0x00007eff170dd900
Event: 629.129 Thread 0x00007eff2c035800 DEOPT UNPACKING pc=0x00007eff948801a5 sp=0x00007eff170dd8e8 mode 2
Event: 629.129 Thread 0x00007eff2c035800 Uncommon trap: trap_request=0xffffffc6 fr.pc=0x00007eff9cb74a5c relative=0x000000000000019c
Event: 629.129 Thread 0x00007eff2c035800 Uncommon trap: reason=bimorphic_or_optimized_type_check action=maybe_recompile pc=0x00007eff9cb74a5c method=java.util.Spliterators$ArraySpliterator.tryAdvance(Ljava/util/function/Consumer;)Z @ 49 c2
Event: 629.129 Thread 0x00007eff2c035800 DEOPT PACKING pc=0x00007eff9cb74a5c sp=0x00007eff170dd8e0
Event: 629.129 Thread 0x00007eff2c035800 DEOPT UNPACKING pc=0x00007eff948801a5 sp=0x00007eff170dd890 mode 2
Event: 663.730 Thread 0x00007eff100fa000 DEOPT PACKING pc=0x00007eff96479871 sp=0x00007eff171de990
Event: 663.730 Thread 0x00007eff100fa000 DEOPT UNPACKING pc=0x00007eff9489e87a sp=0x00007eff171ddec0 mode 0

Classes redefined (0 events):
No events

Internal exceptions (20 events):
Event: 245.239 Thread 0x00007eff100fa000 Exception <a 'java/lang/ArrayIndexOutOfBoundsException'{0x00000000f4049e90}> (0x00000000f4049e90) thrown at [src/hotspot/share/runtime/sharedRuntime.cpp, line 606]
Event: 245.242 Thread 0x00007eff100fa000 Exception <a 'java/lang/ArrayIndexOutOfBoundsException'{0x00000000f41201b8}> (0x00000000f41201b8) thrown at [src/hotspot/share/runtime/sharedRuntime.cpp, line 606]
Event: 245.283 Thread 0x00007eff100f8800 Exception <a 'java/lang/ArrayIndexOutOfBoundsException'{0x00000000f4a1fc68}> (0x00000000f4a1fc68) thrown at [src/hotspot/share/runtime/sharedRuntime.cpp, line 606]
Event: 301.872 Thread 0x00007eff341bf000 Implicit null exception at 0x00007eff9c77a7a0 to 0x00007eff9c77aa6c
Event: 301.887 Thread 0x00007eff341bf000 Exception <a 'java/lang/NoSuchMethodError'{0x00000000f4646d00}: 'java.lang.Object java.lang.invoke.DirectMethodHandle$Holder.invokeSpecial(java.lang.Object, java.lang.Object, java.lang.Object, java.lang.Object, java.lang.Object, java.lang.Object, java.lang.Object, java.lang.Object, java.lang.Object)'> (0x00000000f4646d00) thrown at [src/hotspot/share/interpreter/linkResolver.cpp, line 773]
Event: 301.888 Thread 0x00007eff341bf000 Exception <a 'java/lang/NoSuchMethodError'{0x00000000f4653468}: 'java.lang.Object java.lang.invoke.Invokers$Holder.linkToTargetMethod(java.lang.Object, java.lang.Object, java.lang.Object, java.lang.Object, java.lang.Object, java.lang.Object, java.lang.Object, java.lang.Object)'> (0x00000000f4653468) thrown at [src/hotspot/share/interpreter/linkResolver.cpp, line 773]
Event: 345.347 Thread 0x00007eff100fa000 Implicit null exception at 0x00007eff9c93f816 to 0x00007eff9c940110
Event: 346.793 Thread 0x00007eff08030800 Implicit null exception at 0x00007eff9cb20614 to 0x00007eff9cb207a8
Event: 435.122 Thread 0x00007eff100f8800 Exception <a 'java/lang/ArrayIndexOutOfBoundsException'{0x00000000f4badec8}: Index 9139 out of bounds for length 9139> (0x00000000f4badec8) thrown at [src/hotspot/share/interpreter/interpreterRuntime.cpp, line 444]
Event: 435.122 Thread 0x00007eff100f8800 Exception <a 'java/lang/ArrayIndexOutOfBoundsException'{0x00000000f4bb0e38}: Index 9139 out of bounds for length 9139> (0x00000000f4bb0e38) thrown at [src/hotspot/share/interpreter/interpreterRuntime.cpp, line 444]
Event: 435.122 Thread 0x00007eff100f8800 Exception <a 'java/lang/ArrayIndexOutOfBoundsException'{0x00000000f4bb1c18}: Index 9140 out of bounds for length 9139> (0x00000000f4bb1c18) thrown at [src/hotspot/share/interpreter/interpreterRuntime.cpp, line 444]
Event: 435.930 Thread 0x00007eff100f8800 Exception <a 'java/lang/ArrayIndexOutOfBoundsException'{0x00000000f4353488}> (0x00000000f4353488) thrown at [src/hotspot/share/runtime/sharedRuntime.cpp, line 606]
Event: 436.657 Thread 0x00007eff100f8800 Exception <a 'java/lang/ArrayIndexOutOfBoundsException'{0x00000000f43317f8}> (0x00000000f43317f8) thrown at [src/hotspot/share/runtime/sharedRuntime.cpp, line 606]
Event: 436.657 Thread 0x00007eff100f8800 Exception <a 'java/lang/ArrayIndexOutOfBoundsException'{0x00000000f4331e80}> (0x00000000f4331e80) thrown at [src/hotspot/share/runtime/sharedRuntime.cpp, line 606]
Event: 436.657 Thread 0x00007eff100f8800 Exception <a 'java/lang/ArrayIndexOutOfBoundsException'{0x00000000f4332200}> (0x00000000f4332200) thrown at [src/hotspot/share/runtime/sharedRuntime.cpp, line 606]
Event: 491.348 Thread 0x00007eff100f8800 Implicit null exception at 0x00007eff9cba2f3c to 0x00007eff9cba339c
Event: 491.348 Thread 0x00007eff100f8800 Implicit null exception at 0x00007eff9d03e773 to 0x00007eff9d0464e8
Event: 491.349 Thread 0x00007eff100f5800 Implicit null exception at 0x00007eff9d03e773 to 0x00007eff9d0464e8
Event: 491.349 Thread 0x00007eff100fa000 Implicit null exception at 0x00007eff9d03e773 to 0x00007eff9d0464e8
Event: 491.351 Thread 0x00007eff100f8800 Implicit null exception at 0x00007eff9cffc547 to 0x00007eff9d00407c

Events (20 events):
Event: 693.791 Executing VM operation: CMS_Initial_Mark
Event: 693.842 Executing VM operation: CMS_Initial_Mark done
Event: 693.898 Executing VM operation: GenCollectForAllocation
Event: 694.647 Executing VM operation: GenCollectForAllocation done
Event: 694.702 Executing VM operation: GenCollectForAllocation
Event: 695.276 Executing VM operation: GenCollectForAllocation done
Event: 695.277 Executing VM operation: CMS_Initial_Mark
Event: 695.324 Executing VM operation: CMS_Initial_Mark done
Event: 695.379 Executing VM operation: GenCollectForAllocation
Event: 696.126 Executing VM operation: GenCollectForAllocation done
Event: 696.181 Executing VM operation: GenCollectForAllocation
Event: 696.754 Executing VM operation: GenCollectForAllocation done
Event: 696.754 Executing VM operation: CMS_Initial_Mark
Event: 696.802 Executing VM operation: CMS_Initial_Mark done
Event: 696.855 Executing VM operation: GenCollectForAllocation
Event: 697.591 Executing VM operation: GenCollectForAllocation done
Event: 697.645 Executing VM operation: GenCollectForAllocation
Event: 698.220 Executing VM operation: GenCollectForAllocation done
Event: 698.221 Executing VM operation: CMS_Initial_Mark
Event: 698.269 Executing VM operation: CMS_Initial_Mark done


Dynamic libraries:
f0000000-f5550000 rw-p 00000000 00:00 0 
f5550000-100000000 rw-p 00000000 00:00 0 
800000000-800002000 rwxp 00001000 00:139a 3363797                        /usr/lib/jvm/java-11-openjdk-amd64/lib/server/classes.jsa
800002000-8003b9000 rw-p 00003000 00:139a 3363797                        /usr/lib/jvm/java-11-openjdk-amd64/lib/server/classes.jsa
8003b9000-800a95000 r--p 003ba000 00:139a 3363797                        /usr/lib/jvm/java-11-openjdk-amd64/lib/server/classes.jsa
800a95000-800a96000 rw-p 00a96000 00:139a 3363797                        /usr/lib/jvm/java-11-openjdk-amd64/lib/server/classes.jsa
800a96000-8010a3000 r--p 00a97000 00:139a 3363797                        /usr/lib/jvm/java-11-openjdk-amd64/lib/server/classes.jsa
840000000-840720000 rw-p 00000000 00:00 0 
840720000-880000000 ---p 00000000 00:00 0 
563d33000000-563d33001000 r-xp 00000000 00:139a 3363428                  /usr/lib/jvm/java-11-openjdk-amd64/bin/java
563d33201000-563d33202000 r--p 00001000 00:139a 3363428                  /usr/lib/jvm/java-11-openjdk-amd64/bin/java
563d33202000-563d33203000 rw-p 00002000 00:139a 3363428                  /usr/lib/jvm/java-11-openjdk-amd64/bin/java
563d344fb000-563d3451c000 rw-p 00000000 00:00 0                          [heap]
7efee0000000-7efee018b000 rw-p 00000000 00:00 0 
7efee018b000-7efee4000000 ---p 00000000 00:00 0 
7efee4000000-7efee4021000 rw-p 00000000 00:00 0 
7efee4021000-7efee8000000 ---p 00000000 00:00 0 
7efee8000000-7efee8026000 rw-p 00000000 00:00 0 
7efee8026000-7efeec000000 ---p 00000000 00:00 0 
7efeec000000-7efeec05b000 rw-p 00000000 00:00 0 
7efeec05b000-7efef0000000 ---p 00000000 00:00 0 
7efef0000000-7efef03d6000 rw-p 00000000 00:00 0 
7efef03d6000-7efef4000000 ---p 00000000 00:00 0 
7efef4000000-7efef4462000 rw-p 00000000 00:00 0 
7efef4462000-7efef8000000 ---p 00000000 00:00 0 
7efef8000000-7efef8697000 rw-p 00000000 00:00 0 
7efef8697000-7efefc000000 ---p 00000000 00:00 0 
7efeff878000-7eff08000000 r--s 00000000 00:139a 3363787                  /usr/lib/jvm/java-11-openjdk-amd64/lib/modules
7eff08000000-7eff08050000 rw-p 00000000 00:00 0 
7eff08050000-7eff0c000000 ---p 00000000 00:00 0 
7eff0c000000-7eff0c315000 rw-p 00000000 00:00 0 
7eff0c315000-7eff10000000 ---p 00000000 00:00 0 
7eff10000000-7eff10123000 rw-p 00000000 00:00 0 
7eff10123000-7eff14000000 ---p 00000000 00:00 0 
7eff14579000-7eff14679000 rw-p 00000000 00:00 0 
7eff14679000-7eff1477d000 ---p 00000000 00:00 0 
7eff1477d000-7eff14a7a000 rw-p 00000000 00:00 0 
7eff14a7a000-7eff14a7e000 ---p 00000000 00:00 0 
7eff14a7e000-7eff14b7b000 rw-p 00000000 00:00 0 
7eff14b7b000-7eff14b92000 r-xp 00000000 00:139a 1295365                  /lib/x86_64-linux-gnu/libresolv-2.27.so
7eff14b92000-7eff14d91000 ---p 00017000 00:139a 1295365                  /lib/x86_64-linux-gnu/libresolv-2.27.so
7eff14d91000-7eff14d92000 r--p 00016000 00:139a 1295365                  /lib/x86_64-linux-gnu/libresolv-2.27.so
7eff14d92000-7eff14d93000 rw-p 00017000 00:139a 1295365                  /lib/x86_64-linux-gnu/libresolv-2.27.so
7eff14d93000-7eff14d95000 rw-p 00000000 00:00 0 
7eff14d95000-7eff14d9a000 r-xp 00000000 00:139a 1295342                  /lib/x86_64-linux-gnu/libnss_dns-2.27.so
7eff14d9a000-7eff14f9a000 ---p 00005000 00:139a 1295342                  /lib/x86_64-linux-gnu/libnss_dns-2.27.so
7eff14f9a000-7eff14f9b000 r--p 00005000 00:139a 1295342                  /lib/x86_64-linux-gnu/libnss_dns-2.27.so
7eff14f9b000-7eff14f9c000 rw-p 00006000 00:139a 1295342                  /lib/x86_64-linux-gnu/libnss_dns-2.27.so
7eff14f9c000-7eff1519c000 rw-p 00000000 00:00 0 
7eff1519c000-7eff1519e000 r-xp 00000000 00:139a 3363757                  /usr/lib/jvm/java-11-openjdk-amd64/lib/libextnet.so
7eff1519e000-7eff1539d000 ---p 00002000 00:139a 3363757                  /usr/lib/jvm/java-11-openjdk-amd64/lib/libextnet.so
7eff1539d000-7eff1539e000 r--p 00001000 00:139a 3363757                  /usr/lib/jvm/java-11-openjdk-amd64/lib/libextnet.so
7eff1539e000-7eff1539f000 rw-p 00002000 00:139a 3363757                  /usr/lib/jvm/java-11-openjdk-amd64/lib/libextnet.so
7eff1539f000-7eff1559f000 rw-p 00000000 00:00 0 
7eff1559f000-7eff1579f000 rw-p 00000000 00:00 0 
7eff1579f000-7eff1599f000 rw-p 00000000 00:00 0 
7eff1599f000-7eff15b9f000 rw-p 00000000 00:00 0 
7eff15b9f000-7eff15d9f000 rw-p 00000000 00:00 0 
7eff15d9f000-7eff15f9f000 rw-p 00000000 00:00 0 
7eff15fff000-7eff16003000 ---p 00000000 00:00 0 
7eff16003000-7eff16300000 rw-p 00000000 00:00 0 
7eff16300000-7eff16500000 rw-p 00000000 00:00 0 
7eff16500000-7eff16700000 rw-p 00000000 00:00 0 
7eff167e0000-7eff169e0000 rw-p 00000000 00:00 0 
7eff169e0000-7eff16be0000 rw-p 00000000 00:00 0 
7eff16be0000-7eff16de0000 rw-p 00000000 00:00 0 
7eff16de0000-7eff16fe0000 rw-p 00000000 00:00 0 
7eff16fe0000-7eff16fe4000 ---p 00000000 00:00 0 
7eff16fe4000-7eff170e1000 rw-p 00000000 00:00 0 
7eff170e1000-7eff170e5000 ---p 00000000 00:00 0 
7eff170e5000-7eff171e2000 rw-p 00000000 00:00 0 
7eff171e2000-7eff171e6000 ---p 00000000 00:00 0 
7eff171e6000-7eff172e3000 rw-p 00000000 00:00 0 
7eff172e3000-7eff172e7000 ---p 00000000 00:00 0 
7eff172e7000-7eff173e4000 rw-p 00000000 00:00 0 
7eff173e4000-7eff173e8000 ---p 00000000 00:00 0 
7eff173e8000-7eff174e5000 rw-p 00000000 00:00 0 
7eff174fd000-7eff17501000 ---p 00000000 00:00 0 
7eff17501000-7eff177fe000 rw-p 00000000 00:00 0 
7eff177fe000-7eff179fe000 rw-p 00000000 00:00 0 
7eff179fe000-7eff17a02000 ---p 00000000 00:00 0 
7eff17a02000-7eff17cff000 rw-p 00000000 00:00 0 
7eff17cff000-7eff17d03000 ---p 00000000 00:00 0 
7eff17d03000-7eff18000000 rw-p 00000000 00:00 0 
7eff18000000-7eff18021000 rw-p 00000000 00:00 0 
7eff18021000-7eff1c000000 ---p 00000000 00:00 0 
7eff1c000000-7eff1c021000 rw-p 00000000 00:00 0 
7eff1c021000-7eff20000000 ---p 00000000 00:00 0 
7eff20000000-7eff2031e000 rw-p 00000000 00:00 0 
7eff2031e000-7eff24000000 ---p 00000000 00:00 0 
7eff24000000-7eff24021000 rw-p 00000000 00:00 0 
7eff24021000-7eff28000000 ---p 00000000 00:00 0 
7eff28000000-7eff28021000 rw-p 00000000 00:00 0 
7eff28021000-7eff2c000000 ---p 00000000 00:00 0 
7eff2c000000-7eff2c07d000 rw-p 00000000 00:00 0 
7eff2c07d000-7eff30000000 ---p 00000000 00:00 0 
7eff30000000-7eff30021000 rw-p 00000000 00:00 0 
7eff30021000-7eff34000000 ---p 00000000 00:00 0 
7eff34000000-7eff34622000 rw-p 00000000 00:00 0 
7eff34622000-7eff38000000 ---p 00000000 00:00 0 
7eff38000000-7eff381be000 rw-p 00000000 00:00 0 
7eff381be000-7eff3c000000 ---p 00000000 00:00 0 
7eff3c000000-7eff3c1b0000 rw-p 00000000 00:00 0 
7eff3c1b0000-7eff40000000 ---p 00000000 00:00 0 
7eff40000000-7eff40021000 rw-p 00000000 00:00 0 
7eff40021000-7eff44000000 ---p 00000000 00:00 0 
7eff44000000-7eff44956000 rw-p 00000000 00:00 0 
7eff44956000-7eff48000000 ---p 00000000 00:00 0 
7eff48000000-7eff48021000 rw-p 00000000 00:00 0 
7eff48021000-7eff4c000000 ---p 00000000 00:00 0 
7eff4c000000-7eff4c864000 rw-p 00000000 00:00 0 
7eff4c864000-7eff50000000 ---p 00000000 00:00 0 
7eff50000000-7eff501d6000 rw-p 00000000 00:00 0 
7eff501d6000-7eff54000000 ---p 00000000 00:00 0 
7eff54000000-7eff54021000 rw-p 00000000 00:00 0 
7eff54021000-7eff58000000 ---p 00000000 00:00 0 
7eff58000000-7eff5ac65000 rw-p 00000000 00:00 0 
7eff5ac65000-7eff5c000000 ---p 00000000 00:00 0 
7eff5c000000-7eff5cffc000 rw-p 00000000 00:00 0 
7eff5cffc000-7eff60000000 ---p 00000000 00:00 0 
7eff60000000-7eff60021000 rw-p 00000000 00:00 0 
7eff60021000-7eff64000000 ---p 00000000 00:00 0 
7eff64000000-7eff64021000 rw-p 00000000 00:00 0 
7eff64021000-7eff68000000 ---p 00000000 00:00 0 
7eff68000000-7eff68f99000 rw-p 00000000 00:00 0 
7eff68f99000-7eff6c000000 ---p 00000000 00:00 0 
7eff6c000000-7eff6c031000 rw-p 00000000 00:00 0 
7eff6c031000-7eff70000000 ---p 00000000 00:00 0 
7eff70000000-7eff70021000 rw-p 00000000 00:00 0 
7eff70021000-7eff74000000 ---p 00000000 00:00 0 
7eff74000000-7eff774f9000 rw-p 00000000 00:00 0 
7eff774f9000-7eff78000000 ---p 00000000 00:00 0 
7eff78000000-7eff78021000 rw-p 00000000 00:00 0 
7eff78021000-7eff7c000000 ---p 00000000 00:00 0 
7eff7c000000-7eff7c021000 rw-p 00000000 00:00 0 
7eff7c021000-7eff80000000 ---p 00000000 00:00 0 
7eff80000000-7eff8052a000 rw-p 00000000 00:00 0 
7eff8052a000-7eff84000000 ---p 00000000 00:00 0 
7eff84000000-7eff84021000 rw-p 00000000 00:00 0 
7eff84021000-7eff88000000 ---p 00000000 00:00 0 
7eff88000000-7eff88021000 rw-p 00000000 00:00 0 
7eff88021000-7eff8c000000 ---p 00000000 00:00 0 
7eff8c0de000-7eff8c0e2000 ---p 00000000 00:00 0 
7eff8c0e2000-7eff8c3df000 rw-p 00000000 00:00 0 
7eff8c3df000-7eff8c3e3000 ---p 00000000 00:00 0 
7eff8c3e3000-7eff8c6e0000 rw-p 00000000 00:00 0 
7eff8c6e0000-7eff8c6e4000 ---p 00000000 00:00 0 
7eff8c6e4000-7eff8c7e1000 rw-p 00000000 00:00 0 
7eff8c7e1000-7eff8c7e5000 ---p 00000000 00:00 0 
7eff8c7e5000-7eff8c8e2000 rw-p 00000000 00:00 0 
7eff8c8e2000-7eff8c8e6000 ---p 00000000 00:00 0 
7eff8c8e6000-7eff8cbe3000 rw-p 00000000 00:00 0 
7eff8cbe3000-7eff8cde3000 rw-p 00000000 00:00 0 
7eff8cde3000-7eff8cde7000 ---p 00000000 00:00 0 
7eff8cde7000-7eff8cee4000 rw-p 00000000 00:00 0 
7eff8cee4000-7eff8cee8000 ---p 00000000 00:00 0 
7eff8cee8000-7eff8d1e5000 rw-p 00000000 00:00 0 
7eff8d1e5000-7eff8d1e9000 ---p 00000000 00:00 0 
7eff8d1e9000-7eff8d4e6000 rw-p 00000000 00:00 0 
7eff8d4e6000-7eff8d6e6000 rw-p 00000000 00:00 0 
7eff8d6e6000-7eff8d6e7000 ---p 00000000 00:00 0 
7eff8d6e7000-7eff8d7e8000 rw-p 00000000 00:00 0 
7eff8d7e8000-7eff8d7e9000 ---p 00000000 00:00 0 
7eff8d7e9000-7eff8d8ea000 rw-p 00000000 00:00 0 
7eff8d8ea000-7eff8d8ee000 ---p 00000000 00:00 0 
7eff8d8ee000-7eff8d9eb000 rw-p 00000000 00:00 0 
7eff8d9eb000-7eff8d9ef000 ---p 00000000 00:00 0 
7eff8d9ef000-7eff8daec000 rw-p 00000000 00:00 0 
7eff8daec000-7eff8dafc000 r-xp 00000000 00:13a6 3007                     /config/language-server/config_linux/org.eclipse.equinox.launcher/org.eclipse.equinox.launcher.gtk.linux.x86_64_1.2.200.v20210406-1409/eclipse_11401.so
7eff8dafc000-7eff8dcfb000 ---p 00010000 00:13a6 3007                     /config/language-server/config_linux/org.eclipse.equinox.launcher/org.eclipse.equinox.launcher.gtk.linux.x86_64_1.2.200.v20210406-1409/eclipse_11401.so
7eff8dcfb000-7eff8dcfc000 r--p 0000f000 00:13a6 3007                     /config/language-server/config_linux/org.eclipse.equinox.launcher/org.eclipse.equinox.launcher.gtk.linux.x86_64_1.2.200.v20210406-1409/eclipse_11401.so
7eff8dcfc000-7eff8dcfd000 rw-p 00010000 00:13a6 3007                     /config/language-server/config_linux/org.eclipse.equinox.launcher/org.eclipse.equinox.launcher.gtk.linux.x86_64_1.2.200.v20210406-1409/eclipse_11401.so
7eff8dcfd000-7eff8dd01000 ---p 00000000 00:00 0 
7eff8dd01000-7eff8ddfe000 rw-p 00000000 00:00 0 
7eff8ddfe000-7eff8de02000 ---p 00000000 00:00 0 
7eff8de02000-7eff8deff000 rw-p 00000000 00:00 0 
7eff8deff000-7eff8df03000 ---p 00000000 00:00 0 
7eff8df03000-7eff90000000 rw-p 00000000 00:00 0 
7eff90000000-7eff901c5000 rw-p 00000000 00:00 0 
7eff901c5000-7eff94000000 ---p 00000000 00:00 0 
7eff9401e000-7eff9401f000 ---p 00000000 00:00 0 
7eff9401f000-7eff94120000 rw-p 00000000 00:00 0 
7eff94120000-7eff94124000 ---p 00000000 00:00 0 
7eff94124000-7eff94221000 rw-p 00000000 00:00 0 
7eff94221000-7eff9424b000 r-xp 00000000 00:139a 3363783                  /usr/lib/jvm/java-11-openjdk-amd64/lib/libsunec.so
7eff9424b000-7eff9444a000 ---p 0002a000 00:139a 3363783                  /usr/lib/jvm/java-11-openjdk-amd64/lib/libsunec.so
7eff9444a000-7eff9444e000 r--p 00029000 00:139a 3363783                  /usr/lib/jvm/java-11-openjdk-amd64/lib/libsunec.so
7eff9444e000-7eff94450000 rw-p 0002d000 00:139a 3363783                  /usr/lib/jvm/java-11-openjdk-amd64/lib/libsunec.so
7eff94450000-7eff94466000 r-xp 00000000 00:139a 3363776                  /usr/lib/jvm/java-11-openjdk-amd64/lib/libnet.so
7eff94466000-7eff94665000 ---p 00016000 00:139a 3363776                  /usr/lib/jvm/java-11-openjdk-amd64/lib/libnet.so
7eff94665000-7eff94666000 r--p 00015000 00:139a 3363776                  /usr/lib/jvm/java-11-openjdk-amd64/lib/libnet.so
7eff94666000-7eff94667000 rw-p 00016000 00:139a 3363776                  /usr/lib/jvm/java-11-openjdk-amd64/lib/libnet.so
7eff94667000-7eff94677000 r-xp 00000000 00:139a 3363777                  /usr/lib/jvm/java-11-openjdk-amd64/lib/libnio.so
7eff94677000-7eff94876000 ---p 00010000 00:139a 3363777                  /usr/lib/jvm/java-11-openjdk-amd64/lib/libnio.so
7eff94876000-7eff94877000 r--p 0000f000 00:139a 3363777                  /usr/lib/jvm/java-11-openjdk-amd64/lib/libnio.so
7eff94877000-7eff94878000 rw-p 00010000 00:139a 3363777                  /usr/lib/jvm/java-11-openjdk-amd64/lib/libnio.so
7eff94878000-7eff94ae8000 rwxp 00000000 00:00 0 
7eff94ae8000-7eff94e08000 ---p 00000000 00:00 0 
7eff94e08000-7eff97428000 rwxp 00000000 00:00 0 
7eff97428000-7eff9c340000 ---p 00000000 00:00 0 
7eff9c340000-7eff9d230000 rwxp 00000000 00:00 0 
7eff9d230000-7effa3878000 ---p 00000000 00:00 0 
7effa3878000-7effac000000 r--s 00000000 00:139a 3363787                  /usr/lib/jvm/java-11-openjdk-amd64/lib/modules
7effac000000-7effac52f000 rw-p 00000000 00:00 0 
7effac52f000-7effb0000000 ---p 00000000 00:00 0 
7effb006d000-7effb0071000 ---p 00000000 00:00 0 
7effb0071000-7effb008f000 rw-p 00000000 00:00 0 
7effb008f000-7effb0093000 ---p 00000000 00:00 0 
7effb0093000-7effb0190000 rw-p 00000000 00:00 0 
7effb0190000-7effb0191000 ---p 00000000 00:00 0 
7effb0191000-7effb0292000 rw-p 00000000 00:00 0 
7effb0292000-7effb0296000 ---p 00000000 00:00 0 
7effb0296000-7effb0393000 rw-p 00000000 00:00 0 
7effb0393000-7effb0397000 ---p 00000000 00:00 0 
7effb0397000-7effb0494000 rw-p 00000000 00:00 0 
7effb0494000-7effb0498000 ---p 00000000 00:00 0 
7effb0498000-7effb0595000 rw-p 00000000 00:00 0 
7effb0595000-7effb0599000 ---p 00000000 00:00 0 
7effb0599000-7effb0696000 rw-p 00000000 00:00 0 
7effb0696000-7effb069a000 ---p 00000000 00:00 0 
7effb069a000-7effb0797000 rw-p 00000000 00:00 0 
7effb0797000-7effb0a75000 r--p 00000000 00:139a 2342149                  /usr/lib/locale/locale-archive
7effb0a75000-7effb0a79000 ---p 00000000 00:00 0 
7effb0a79000-7effb0b76000 rw-p 00000000 00:00 0 
7effb0b76000-7effb0b7a000 ---p 00000000 00:00 0 
7effb0b7a000-7effb0c77000 rw-p 00000000 00:00 0 
7effb0c77000-7effb0c78000 ---p 00000000 00:00 0 
7effb0c78000-7effb1655000 rw-p 00000000 00:00 0 
7effb1655000-7effb1656000 ---p 00000000 00:00 0 
7effb1656000-7effb2215000 rw-p 00000000 00:00 0 
7effb2215000-7effb2216000 ---p 00000000 00:00 0 
7effb2216000-7effb2335000 rw-p 00000000 00:00 0 
7effb2335000-7effb2402000 ---p 00000000 00:00 0 
7effb2402000-7effb244f000 rw-p 00000000 00:00 0 
7effb244f000-7effb24ed000 ---p 00000000 00:00 0 
7effb24ed000-7effb24f4000 r-xp 00000000 00:139a 3363786                  /usr/lib/jvm/java-11-openjdk-amd64/lib/libzip.so
7effb24f4000-7effb26f3000 ---p 00007000 00:139a 3363786                  /usr/lib/jvm/java-11-openjdk-amd64/lib/libzip.so
7effb26f3000-7effb26f4000 r--p 00006000 00:139a 3363786                  /usr/lib/jvm/java-11-openjdk-amd64/lib/libzip.so
7effb26f4000-7effb26f5000 rw-p 00007000 00:139a 3363786                  /usr/lib/jvm/java-11-openjdk-amd64/lib/libzip.so
7effb26f5000-7effb2700000 r-xp 00000000 00:139a 1295344                  /lib/x86_64-linux-gnu/libnss_files-2.27.so
7effb2700000-7effb28ff000 ---p 0000b000 00:139a 1295344                  /lib/x86_64-linux-gnu/libnss_files-2.27.so
7effb28ff000-7effb2900000 r--p 0000a000 00:139a 1295344                  /lib/x86_64-linux-gnu/libnss_files-2.27.so
7effb2900000-7effb2901000 rw-p 0000b000 00:139a 1295344                  /lib/x86_64-linux-gnu/libnss_files-2.27.so
7effb2901000-7effb2907000 rw-p 00000000 00:00 0 
7effb2907000-7effb291e000 r-xp 00000000 00:139a 1295338                  /lib/x86_64-linux-gnu/libnsl-2.27.so
7effb291e000-7effb2b1d000 ---p 00017000 00:139a 1295338                  /lib/x86_64-linux-gnu/libnsl-2.27.so
7effb2b1d000-7effb2b1e000 r--p 00016000 00:139a 1295338                  /lib/x86_64-linux-gnu/libnsl-2.27.so
7effb2b1e000-7effb2b1f000 rw-p 00017000 00:139a 1295338                  /lib/x86_64-linux-gnu/libnsl-2.27.so
7effb2b1f000-7effb2b21000 rw-p 00000000 00:00 0 
7effb2b21000-7effb2b2c000 r-xp 00000000 00:139a 1295348                  /lib/x86_64-linux-gnu/libnss_nis-2.27.so
7effb2b2c000-7effb2d2b000 ---p 0000b000 00:139a 1295348                  /lib/x86_64-linux-gnu/libnss_nis-2.27.so
7effb2d2b000-7effb2d2c000 r--p 0000a000 00:139a 1295348                  /lib/x86_64-linux-gnu/libnss_nis-2.27.so
7effb2d2c000-7effb2d2d000 rw-p 0000b000 00:139a 1295348                  /lib/x86_64-linux-gnu/libnss_nis-2.27.so
7effb2d2d000-7effb2d35000 r-xp 00000000 00:139a 1295340                  /lib/x86_64-linux-gnu/libnss_compat-2.27.so
7effb2d35000-7effb2f35000 ---p 00008000 00:139a 1295340                  /lib/x86_64-linux-gnu/libnss_compat-2.27.so
7effb2f35000-7effb2f36000 r--p 00008000 00:139a 1295340                  /lib/x86_64-linux-gnu/libnss_compat-2.27.so
7effb2f36000-7effb2f37000 rw-p 00009000 00:139a 1295340                  /lib/x86_64-linux-gnu/libnss_compat-2.27.so
7effb2f37000-7effb2f3c000 r-xp 00000000 00:139a 3363768                  /usr/lib/jvm/java-11-openjdk-amd64/lib/libjimage.so
7effb2f3c000-7effb313b000 ---p 00005000 00:139a 3363768                  /usr/lib/jvm/java-11-openjdk-amd64/lib/libjimage.so
7effb313b000-7effb313c000 r--p 00004000 00:139a 3363768                  /usr/lib/jvm/java-11-openjdk-amd64/lib/libjimage.so
7effb313c000-7effb313d000 rw-p 00005000 00:139a 3363768                  /usr/lib/jvm/java-11-openjdk-amd64/lib/libjimage.so
7effb313d000-7effb3165000 r-xp 00000000 00:139a 3363764                  /usr/lib/jvm/java-11-openjdk-amd64/lib/libjava.so
7effb3165000-7effb3365000 ---p 00028000 00:139a 3363764                  /usr/lib/jvm/java-11-openjdk-amd64/lib/libjava.so
7effb3365000-7effb3366000 r--p 00028000 00:139a 3363764                  /usr/lib/jvm/java-11-openjdk-amd64/lib/libjava.so
7effb3366000-7effb3367000 rw-p 00029000 00:139a 3363764                  /usr/lib/jvm/java-11-openjdk-amd64/lib/libjava.so
7effb3367000-7effb3368000 rw-p 00000000 00:00 0 
7effb3368000-7effb3375000 r-xp 00000000 00:139a 3363785                  /usr/lib/jvm/java-11-openjdk-amd64/lib/libverify.so
7effb3375000-7effb3574000 ---p 0000d000 00:139a 3363785                  /usr/lib/jvm/java-11-openjdk-amd64/lib/libverify.so
7effb3574000-7effb3576000 r--p 0000c000 00:139a 3363785                  /usr/lib/jvm/java-11-openjdk-amd64/lib/libverify.so
7effb3576000-7effb3577000 rw-p 0000e000 00:139a 3363785                  /usr/lib/jvm/java-11-openjdk-amd64/lib/libverify.so
7effb3577000-7effb357e000 r-xp 00000000 00:139a 1295367                  /lib/x86_64-linux-gnu/librt-2.27.so
7effb357e000-7effb377d000 ---p 00007000 00:139a 1295367                  /lib/x86_64-linux-gnu/librt-2.27.so
7effb377d000-7effb377e000 r--p 00006000 00:139a 1295367                  /lib/x86_64-linux-gnu/librt-2.27.so
7effb377e000-7effb377f000 rw-p 00007000 00:139a 1295367                  /lib/x86_64-linux-gnu/librt-2.27.so
7effb377f000-7effb3796000 r-xp 00000000 00:139a 1295320                  /lib/x86_64-linux-gnu/libgcc_s.so.1
7effb3796000-7effb3995000 ---p 00017000 00:139a 1295320                  /lib/x86_64-linux-gnu/libgcc_s.so.1
7effb3995000-7effb3996000 r--p 00016000 00:139a 1295320                  /lib/x86_64-linux-gnu/libgcc_s.so.1
7effb3996000-7effb3997000 rw-p 00017000 00:139a 1295320                  /lib/x86_64-linux-gnu/libgcc_s.so.1
7effb3997000-7effb3b34000 r-xp 00000000 00:139a 1295327                  /lib/x86_64-linux-gnu/libm-2.27.so
7effb3b34000-7effb3d33000 ---p 0019d000 00:139a 1295327                  /lib/x86_64-linux-gnu/libm-2.27.so
7effb3d33000-7effb3d34000 r--p 0019c000 00:139a 1295327                  /lib/x86_64-linux-gnu/libm-2.27.so
7effb3d34000-7effb3d35000 rw-p 0019d000 00:139a 1295327                  /lib/x86_64-linux-gnu/libm-2.27.so
7effb3d35000-7effb3eae000 r-xp 00000000 00:139a 1556082                  /usr/lib/x86_64-linux-gnu/libstdc++.so.6.0.25
7effb3eae000-7effb40ae000 ---p 00179000 00:139a 1556082                  /usr/lib/x86_64-linux-gnu/libstdc++.so.6.0.25
7effb40ae000-7effb40b8000 r--p 00179000 00:139a 1556082                  /usr/lib/x86_64-linux-gnu/libstdc++.so.6.0.25
7effb40b8000-7effb40ba000 rw-p 00183000 00:139a 1556082                  /usr/lib/x86_64-linux-gnu/libstdc++.so.6.0.25
7effb40ba000-7effb40be000 rw-p 00000000 00:00 0 
7effb40be000-7effb51a6000 r-xp 00000000 00:139a 3363799                  /usr/lib/jvm/java-11-openjdk-amd64/lib/server/libjvm.so
7effb51a6000-7effb53a5000 ---p 010e8000 00:139a 3363799                  /usr/lib/jvm/java-11-openjdk-amd64/lib/server/libjvm.so
7effb53a5000-7effb5466000 r--p 010e7000 00:139a 3363799                  /usr/lib/jvm/java-11-openjdk-amd64/lib/server/libjvm.so
7effb5466000-7effb54a1000 rw-p 011a8000 00:139a 3363799                  /usr/lib/jvm/java-11-openjdk-amd64/lib/server/libjvm.so
7effb54a1000-7effb54f8000 rw-p 00000000 00:00 0 
7effb54f8000-7effb5512000 r-xp 00000000 00:139a 1295363                  /lib/x86_64-linux-gnu/libpthread-2.27.so
7effb5512000-7effb5711000 ---p 0001a000 00:139a 1295363                  /lib/x86_64-linux-gnu/libpthread-2.27.so
7effb5711000-7effb5712000 r--p 00019000 00:139a 1295363                  /lib/x86_64-linux-gnu/libpthread-2.27.so
7effb5712000-7effb5713000 rw-p 0001a000 00:139a 1295363                  /lib/x86_64-linux-gnu/libpthread-2.27.so
7effb5713000-7effb5717000 rw-p 00000000 00:00 0 
7effb5717000-7effb571a000 r-xp 00000000 00:139a 1295312                  /lib/x86_64-linux-gnu/libdl-2.27.so
7effb571a000-7effb5919000 ---p 00003000 00:139a 1295312                  /lib/x86_64-linux-gnu/libdl-2.27.so
7effb5919000-7effb591a000 r--p 00002000 00:139a 1295312                  /lib/x86_64-linux-gnu/libdl-2.27.so
7effb591a000-7effb591b000 rw-p 00003000 00:139a 1295312                  /lib/x86_64-linux-gnu/libdl-2.27.so
7effb591b000-7effb5937000 r-xp 00000000 00:139a 1295390                  /lib/x86_64-linux-gnu/libz.so.1.2.11
7effb5937000-7effb5b36000 ---p 0001c000 00:139a 1295390                  /lib/x86_64-linux-gnu/libz.so.1.2.11
7effb5b36000-7effb5b37000 r--p 0001b000 00:139a 1295390                  /lib/x86_64-linux-gnu/libz.so.1.2.11
7effb5b37000-7effb5b38000 rw-p 0001c000 00:139a 1295390                  /lib/x86_64-linux-gnu/libz.so.1.2.11
7effb5b38000-7effb5d1f000 r-xp 00000000 00:139a 1295302                  /lib/x86_64-linux-gnu/libc-2.27.so
7effb5d1f000-7effb5f1f000 ---p 001e7000 00:139a 1295302                  /lib/x86_64-linux-gnu/libc-2.27.so
7effb5f1f000-7effb5f23000 r--p 001e7000 00:139a 1295302                  /lib/x86_64-linux-gnu/libc-2.27.so
7effb5f23000-7effb5f25000 rw-p 001eb000 00:139a 1295302                  /lib/x86_64-linux-gnu/libc-2.27.so
7effb5f25000-7effb5f29000 rw-p 00000000 00:00 0 
7effb5f29000-7effb5f38000 r-xp 00000000 00:139a 3363746                  /usr/lib/jvm/java-11-openjdk-amd64/lib/jli/libjli.so
7effb5f38000-7effb6137000 ---p 0000f000 00:139a 3363746                  /usr/lib/jvm/java-11-openjdk-amd64/lib/jli/libjli.so
7effb6137000-7effb6138000 r--p 0000e000 00:139a 3363746                  /usr/lib/jvm/java-11-openjdk-amd64/lib/jli/libjli.so
7effb6138000-7effb6139000 rw-p 0000f000 00:139a 3363746                  /usr/lib/jvm/java-11-openjdk-amd64/lib/jli/libjli.so
7effb6139000-7effb6162000 r-xp 00000000 00:139a 1295284                  /lib/x86_64-linux-gnu/ld-2.27.so
7effb616b000-7effb61c1000 rw-p 00000000 00:00 0 
7effb61c1000-7effb61eb000 rw-p 00000000 00:00 0 
7effb61eb000-7effb6241000 rw-p 00000000 00:00 0 
7effb6241000-7effb6242000 rw-p 00000000 00:00 0 
7effb6242000-7effb6246000 ---p 00000000 00:00 0 
7effb6246000-7effb6347000 rw-p 00000000 00:00 0 
7effb634a000-7effb634f000 rw-p 00000000 00:00 0 
7effb634f000-7effb6356000 ---p 00000000 00:00 0 
7effb6356000-7effb635e000 rw-s 00000000 00:136 4338                      /tmp/hsperfdata_runner/4059
7effb635e000-7effb635f000 ---p 00000000 00:00 0 
7effb635f000-7effb6360000 r--p 00000000 00:00 0 
7effb6360000-7effb6362000 rw-p 00000000 00:00 0 
7effb6362000-7effb6363000 r--p 00029000 00:139a 1295284                  /lib/x86_64-linux-gnu/ld-2.27.so
7effb6363000-7effb6364000 rw-p 0002a000 00:139a 1295284                  /lib/x86_64-linux-gnu/ld-2.27.so
7effb6364000-7effb6365000 rw-p 00000000 00:00 0 
7ffd1eefb000-7ffd1ef1d000 rw-p 00000000 00:00 0                          [stack]
7ffd1eff1000-7ffd1eff5000 r--p 00000000 00:00 0                          [vvar]
7ffd1eff5000-7ffd1eff7000 r-xp 00000000 00:00 0                          [vdso]
ffffffffff600000-ffffffffff601000 r-xp 00000000 00:00 0                  [vsyscall]


VM Arguments:
jvm_args: -Declipse.application=org.eclipse.jdt.ls.core.id1 -Dosgi.bundles.defaultStartLevel=4 -Declipse.product=org.eclipse.jdt.ls.core.product -Dcom.microsoft.java.debug.serverAddress=localhost:41010 -Xverify:none -Xmx256m -XX:+UseConcMarkSweepGC 
java_command: /config/language-server/plugins/org.eclipse.equinox.launcher_1.6.100.v20201223-0822.jar -configuration /config/language-server/config_linux -data /home/runner
java_class_path (initial): /config/language-server/plugins/org.eclipse.equinox.launcher_1.6.100.v20201223-0822.jar
Launcher Type: SUN_STANDARD

[Global flags]
     bool BytecodeVerificationLocal                = false                                     {product} {command line}
     bool BytecodeVerificationRemote               = false                                     {product} {command line}
     intx CICompilerCount                          = 3                                         {product} {ergonomic}
   size_t InitialHeapSize                          = 33554432                                  {product} {ergonomic}
   size_t MaxHeapSize                              = 268435456                                 {product} {command line}
   size_t MaxNewSize                               = 89456640                                  {product} {ergonomic}
    uintx MaxTenuringThreshold                     = 6                                         {product} {ergonomic}
   size_t MinHeapDeltaBytes                        = 196608                                    {product} {ergonomic}
   size_t NewSize                                  = 11141120                                  {product} {ergonomic}
    uintx NonNMethodCodeHeapSize                   = 5830732                                {pd product} {ergonomic}
    uintx NonProfiledCodeHeapSize                  = 122913754                              {pd product} {ergonomic}
   size_t OldSize                                  = 22413312                                  {product} {ergonomic}
    uintx ProfiledCodeHeapSize                     = 122913754                              {pd product} {ergonomic}
    uintx ReservedCodeCacheSize                    = 251658240                              {pd product} {ergonomic}
     bool SegmentedCodeCache                       = true                                      {product} {ergonomic}
     bool UseCompressedClassPointers               = true                                 {lp64_product} {ergonomic}
     bool UseCompressedOops                        = true                                 {lp64_product} {ergonomic}
     bool UseConcMarkSweepGC                       = true                                      {product} {command line}

Logging:
Log output configuration:
 #0: stdout all=warning uptime,level,tags
 #1: stderr all=off uptime,level,tags

Environment Variables:
PATH=/nix/store/z1hjqiay75vwp8y0wvk28y8rvdg837vb-pid1-0.0.0-0f9d7f3/bin:/nix/store/1d14fcwp2z64wmmr5jpfa1m5zay0n9fq-silver-searcher-2.2.0/bin:/nix/store/fgbzvd4c6nly9m4dpczrxybdpkm8mnk3-bash-interactive-4.4-p23/bin:/nix/store/0vkw1m51q34dr64z5i87dy99an4hfmyg-coreutils-8.32/bin:/nix/store/ng35kcfzm03fdmp97nc2dxi63jv41sca-vscode-cpptools-dap-1.3.1/bin:/nix/store/n578yqf36hxxs6nhcwq35gkqhv2b00cl-replit-python-dap-wrapper-1.0.0/bin:/nix/store/yzr5fybypw977fxnqj3gsp3gznh1lbm2-fluxbox/bin:/nix/store/yajjhyqf4qc1jk0vp5hafz70wmii66dx-prybar-nodejs-0.0.0-4a42408/bin:/nix/store/7bf2l1b07vj9m9p1fn4g64h5sba2i9ls-pulseaudio-14.2/bin:/nix/store/8cpkwghsa1crf84x7155pnsx5xjqyzsz-rfbproxy-0.0.0-b81eb2f/bin:/nix/store/fy1vhp96i11ng6mwbr0l5apj68c64lgr-tigervnc-1.11.0/bin:/nix/store/mjbrcsjhn4smd1jdl4nkywpvzdyfcd14-upm-0.0.0-98447b2/bin:/nix/store/3hny06xvqvc4irdnknk732a2km9b93rq-xwininfo-1.1.4/bin:/home/runner/.nix-profile/bin:/usr/local/go/bin:/opt/virtualenvs/python3/bin:/usr/GNUstep/System/Tools:/usr/GNUstep/Local/Tools:/home/runner/.apt/usr/bin:/usr/local/sbin:/usr/local/bin:/usr/sbin:/usr/bin:/sbin:/bin
LD_LIBRARY_PATH=/home/runner/.apt/usr/lib/x86_64-linux-gnu:/home/runner/.apt/usr/lib/i386-linux-gnu:/usr/local/lib:/home/runner/.apt/usr/lib
DISPLAY=:0
LANG=en_US.UTF-8
LC_ALL=en_US.UTF-8

Signal Handlers:
SIGSEGV: [libjvm.so+0xe1d0a0], sa_mask[0]=11111111011111111101111111111110, sa_flags=SA_RESTART|SA_SIGINFO
SIGBUS: [libjvm.so+0xe1d0a0], sa_mask[0]=11111111011111111101111111111110, sa_flags=SA_RESTART|SA_SIGINFO
SIGFPE: [libjvm.so+0xe1d0a0], sa_mask[0]=11111111011111111101111111111110, sa_flags=SA_RESTART|SA_SIGINFO
SIGPIPE: [libjvm.so+0xb717f0], sa_mask[0]=11111111011111111101111111111110, sa_flags=SA_RESTART|SA_SIGINFO
SIGXFSZ: [libjvm.so+0xb717f0], sa_mask[0]=11111111011111111101111111111110, sa_flags=SA_RESTART|SA_SIGINFO
SIGILL: [libjvm.so+0xe1d0a0], sa_mask[0]=11111111011111111101111111111110, sa_flags=SA_RESTART|SA_SIGINFO
SIGUSR2: [libjvm.so+0xb71680], sa_mask[0]=00000000000000000000000000000000, sa_flags=SA_RESTART|SA_SIGINFO
SIGHUP: [libjvm.so+0xb71b30], sa_mask[0]=11111111011111111101111111111110, sa_flags=SA_RESTART|SA_SIGINFO
SIGINT: [libjvm.so+0xb71b30], sa_mask[0]=11111111011111111101111111111110, sa_flags=SA_RESTART|SA_SIGINFO
SIGTERM: [libjvm.so+0xb71b30], sa_mask[0]=11111111011111111101111111111110, sa_flags=SA_RESTART|SA_SIGINFO
SIGQUIT: [libjvm.so+0xb71b30], sa_mask[0]=11111111011111111101111111111110, sa_flags=SA_RESTART|SA_SIGINFO


---------------  S Y S T E M  ---------------

OS:DISTRIB_ID=Ubuntu
DISTRIB_RELEASE=18.04
DISTRIB_CODENAME=bionic
DISTRIB_DESCRIPTION="Ubuntu 18.04.5 LTS"
uname:Linux 5.11.0-1021-gcp #23~20.04.1-Ubuntu SMP Fri Oct 1 19:04:32 UTC 2021 x86_64
OS uptime: 0 days 3:03 hours
libc:glibc 2.27 NPTL 2.27 
rlimit (soft/hard): STACK 8192k/infinity , CORE infinity/infinity , NPROC infinity/infinity , NOFILE 20971/20971 , AS infinity/infinity , CPU infinity/infinity , DATA infinity/infinity , FSIZE infinity/infinity , MEMLOCK 64k/64k
load average:1.68 1.95 1.66

/proc/meminfo:
MemTotal:       65860768 kB
MemFree:        54602800 kB
MemAvailable:   60893576 kB
Buffers:         1776888 kB
Cached:          4296892 kB
SwapCached:            0 kB
Active:          1588932 kB
Inactive:        7126168 kB
Active(anon):      10068 kB
Inactive(anon):  2471184 kB
Active(file):    1578864 kB
Inactive(file):  4654984 kB
Unevictable:       44376 kB
Mlocked:           44376 kB
SwapTotal:             0 kB
SwapFree:              0 kB
Dirty:              1156 kB
Writeback:             0 kB
AnonPages:       2664652 kB
Mapped:           501488 kB
Shmem:             10600 kB
KReclaimable:     784076 kB
Slab:            1809060 kB
SReclaimable:     784076 kB
SUnreclaim:      1024984 kB
KernelStack:      472064 kB
PageTables:        30504 kB
NFS_Unstable:          0 kB
Bounce:                0 kB
WritebackTmp:          0 kB
CommitLimit:    32930384 kB
Committed_AS:   23948268 kB
VmallocTotal:   34359738367 kB
VmallocUsed:      492660 kB
VmallocChunk:          0 kB
Percpu:            39488 kB
HardwareCorrupted:     0 kB
AnonHugePages:     51200 kB
ShmemHugePages:        0 kB
ShmemPmdMapped:        0 kB
FileHugePages:         0 kB
FilePmdMapped:         0 kB
HugePages_Total:       0
HugePages_Free:        0
HugePages_Rsvd:        0
HugePages_Surp:        0
Hugepagesize:       2048 kB
Hugetlb:               0 kB
DirectMap4k:     1551168 kB
DirectMap2M:    12077056 kB
DirectMap1G:    55574528 kB

/sys/kernel/mm/transparent_hugepage/enabled:
always [madvise] never
/sys/kernel/mm/transparent_hugepage/defrag (defrag/compaction efforts parameter):
always defer defer+madvise [madvise] never

Process Memory:
Virtual Size: 4771416K (peak: 11458028K)
Resident Set Size: 598628K (peak: 607220K) (anon: 560272K, file: 38356K, shmem: 0K)
Swapped out: 0K
C-Heap outstanding allocations: 32206K

/proc/sys/kernel/threads-max (system-wide limit on the number of threads):
514478
/proc/sys/vm/max_map_count (maximum number of memory map areas a process may have):
65530
/proc/sys/kernel/pid_max (system-wide limit on number of process identifiers):
4194304

container (cgroup) information:
container_type: cgroupv1
cpu_cpuset_cpus: 2-7
cpu_memory_nodes: 0
active_processor_count: 4
cpu_quota: 400000
cpu_period: 100000
cpu_shares: 2048
memory_limit_in_bytes: 2147483648
memory_and_swap_limit_in_bytes: 2147483648
memory_soft_limit_in_bytes: -1
memory_usage_in_bytes: 1540276224
memory_max_usage_in_bytes: 1649438720

KVM virtualization detected
Steal ticks since vm start: 0
Steal ticks percentage since vm start:  0.000

CPU:total 8 (initial active 4) (4 cores per cpu, 2 threads per core) family 6 model 85 stepping 7 microcode 0x1, cmov, cx8, fxsr, mmx, sse, sse2, sse3, ssse3, sse4.1, sse4.2, popcnt, avx, avx2, aes, clmul, erms, rtm, 3dnowpref, lzcnt, ht, tsc, tscinvbit, bmi1, bmi2, adx, evex, fma
CPU Model and flags from /proc/cpuinfo:
model name	: Intel(R) Xeon(R) CPU @ 2.80GHz
flags		: fpu vme de pse tsc msr pae mce cx8 apic sep mtrr pge mca cmov pat pse36 clflush mmx fxsr sse sse2 ss ht syscall nx pdpe1gb rdtscp lm constant_tsc rep_good nopl xtopology nonstop_tsc cpuid tsc_known_freq pni pclmulqdq ssse3 fma cx16 pcid sse4_1 sse4_2 x2apic movbe popcnt aes xsave avx f16c rdrand hypervisor lahf_lm abm 3dnowprefetch invpcid_single ssbd ibrs ibpb stibp ibrs_enhanced fsgsbase tsc_adjust bmi1 hle avx2 smep bmi2 erms invpcid rtm mpx avx512f avx512dq rdseed adx smap clflushopt clwb avx512cd avx512bw avx512vl xsaveopt xsavec xgetbv1 xsaves arat avx512_vnni md_clear arch_capabilities
Online cpus:
0-7
Offline cpus:

BIOS frequency limitation:
<Not Available>
Frequency switch latency (ns):
<Not Available>
Available cpu frequencies:
<Not Available>
Current governor:
<Not Available>
Core performance/turbo boost:
<Not Available>

Memory: 4k page, physical 2097152k(592968k free), swap 0k(0k free)

vm_info: OpenJDK 64-Bit Server VM (11.0.11+9-Ubuntu-0ubuntu2.18.04) for linux-amd64 JRE (11.0.11+9-Ubuntu-0ubuntu2.18.04), built on Apr 21 2021 09:15:32 by "unknown" with gcc 8.4.0

END.
